(.venv) clementandredupuy@Mac ThamesRiverTrading % ./deploy/run_shadow.sh --venues BINANCE --symbol BTCUSDT
[2026-03-31T19:54:14Z] [shadow] [INFO] Loading env file: /Users/clementandredupuy/Desktop/ThamesRiverTrading/config/shadow/trading.env
[2026-03-31T19:54:14Z] [shadow] [INFO] Starting python shadow session with python3.11 (symbol=BTCUSDT, exchanges=BINANCE, signals -> /tmp/trt_ipc/neural_alpha_signal.bin, log=/Users/clementandredupuy/Desktop/ThamesRiverTrading/logs/neural_alpha_shadow.jsonl)
[2026-03-31T19:54:14Z] [shadow] [INFO] Resolved startup strategy_mode=futures_only futures_config=/Users/clementandredupuy/Desktop/ThamesRiverTrading/config/shadow/futures.yaml position_mode=one_way flip_enabled=true flip_min_abs_signal_bps=2.0
[2026-03-31T19:54:14Z] [shadow] [INFO] Starting C++ shadow runner symbol=BTCUSDT venues=BINANCE duration=108000s interval=1000ms runtime_mode_dir=shadow_runtime_40891
2026-03-31 19:54:14.195970583 [INFO ] [Binance] FeedHandler created symbol=BTCUSDT
2026-03-31 19:54:14.196854084 [INFO ] [Kraken] FeedHandler created symbol=BTCUSDT
2026-03-31 19:54:14.196870584 [INFO ] [OKX] FeedHandler created symbol=BTCUSDT inst_id=BTC-USDT
2026-03-31 19:54:14.196881667 [INFO ] [Coinbase] FeedHandler created symbol=BTCUSDT
2026-03-31 19:54:14.196895792 [INFO ] Grid configuration target_range_usd=3000 max_book_levels=8000 binance_tick=1 binance_levels=3000 binance_range_usd=3000 kraken_tick=1 kraken_levels=200 kraken_range_usd=200 okx_tick=1 okx_levels=800 okx_range_usd=800 coinbase_tick=1 coinbase_levels=3000 coinbase_range_usd=3000
2026-03-31 19:54:14.197403168 [INFO ] [Binance] Starting feed handler symbol=BTCUSDT
2026-03-31 19:54:14.462400650 [INFO ] [Binance] Tick size fetched symbol=BTCUSDT tick_size=0.01
[2026/03/31 20:54:14:4625] N: lws_create_context: LWS: 4.5.5-unknown, NET CLI SRV H1 H2 WS SS-JSON-POL ConMon IPV6-on
2026-03-31 19:54:15.602782959 [INFO ] [Binance] WebSocket established, fetching snapshot symbol=BTCUSDT
2026-03-31 19:54:15.602793126 [INFO ] [Binance] Fetching snapshot symbol=BTCUSDT
2026-03-31 19:54:15.912583140 [INFO ] [OrderBook] Grid bounds symbol=BTCUSDT exchange=BINANCE tick_size=1 capacity_levels=3000 active_levels=3000 base=66355.7 top=69355.7 dynamic_range_from_snapshot=false
2026-03-31 19:54:15.912775473 [INFO ] [OrderBook] Snapshot applied symbol=BTCUSDT sequence=91215216490 base_price=66355.7 bids=5000 asks=5000
2026-03-31 19:54:15.912791890 [INFO ] [Binance] Snapshot received symbol=BTCUSDT sequence=91215216490 bids=5000 asks=5000 snapshot_latency_ms=283
2026-03-31 19:54:15.918257900 [INFO ] [Binance] No buffered bridge delta required sequence=91215216490 skipped=0
2026-03-31 19:54:15.918265775 [INFO ] [Binance] Feed handler started symbol=BTCUSDT
2026-03-31 19:54:15.918271150 [INFO ] venue credential loaded venue=BINANCE field=api_key length=64
2026-03-31 19:54:15.918271567 [INFO ] venue credential loaded venue=BINANCE field=api_secret length=64
2026-03-31 19:54:15.919084151 [INFO ] trading_engine started mode=shadow_runtime_40891 venues=BINANCE symbol=BTCUSDT strategy_mode=futures_only
2026-03-31 19:54:15.919085068 [INFO ] strategy mode audit event=startup_config strategy_mode=futures_only transition_requires_restart=1 alpha_source=spot execution_target=futures
2026-03-31 19:54:15.919120484 [INFO ] venue quality exchange=BINANCE fill_probability=0.5 passive_markout_bps=0 taker_markout_bps=0 reject_rate=0 cancel_latency_penalty_bps=0 health_penalty_bps=0 stability_penalty_bps=0 quality_penalty_bps=2 sample_count=0
2026-03-31 19:54:15.919121651 [INFO ] live session accounting global start_equity=10000 end_equity=10000 realized_pnl=0 unrealized_pnl=0 fees=0 net_pnl=0 return_pct=0
2026-03-31 19:54:15.919123276 [INFO ] live session accounting venue venue=BINANCE start_equity=10000 end_equity=10000 realized_pnl=0 unrealized_pnl=0 fees=0 net_pnl=0 return_pct=0 free_collateral=0 min_free_buffer=250
2026-03-31 19:54:15.919129276 [INFO ] portfolio intent intent=hold reason=alpha_decay reason_codes=alpha_decay signal_bps=0 risk_score=0 p_shock=0 p_illiquid=0 healthy_venues=1 enabled_venues=1 current_position=0 target_position=0 position_delta=0 inventory_age_ms=4332089236 spot_mid=67855.7 futures_mid=0 expected_cost_bps=8.8 basis_slippage_bps=0 alpha_edge_bps=-8.8 max_shortfall_bps=9.8 flatten_now=0 urgency=2
[WARN] Order-count columns are present but contain only zeros; count-aware depth features will be flat for this training run.
[DATA] alpha schema verified: levels=10 trade_cols=1 count_cols_bid=10 count_cols_ask=10
[2026-03-31T19:54:27.895Z] [Shadow] continuous retrain proceeding with all-zero order-count window bid_non_zero=0 ask_non_zero=0 — count-aware depth features will be flat (OKX feed degraded)
[HPO] tuning primary model over 6 trials
[HPO] primary trial 1/6 score=0.702689 loss_return=0.030939 loss_direction=2.186487 loss_risk=0.156368 params={'lr': 0.0002, 'dropout': 0.05, 'batch_size': 32, 'w_return': 0.5, 'w_direction': 0.3, 'w_risk': 0.2}
[HPO] primary trial 2/6 score=0.715373 loss_return=0.021601 loss_direction=2.237040 loss_risk=0.111533 params={'lr': 0.0002, 'dropout': 0.05, 'batch_size': 32, 'w_return': 0.5, 'w_direction': 0.3, 'w_risk': 0.3}
2026-03-31 19:57:16.330451091 [INFO ] venue quality exchange=BINANCE fill_probability=0.5 passive_markout_bps=0 taker_markout_bps=0 reject_rate=0 cancel_latency_penalty_bps=0 health_penalty_bps=0 stability_penalty_bps=0 quality_penalty_bps=2 sample_count=0
2026-03-31 19:57:16.330459175 [INFO ] live session accounting global start_equity=10000 end_equity=10000 realized_pnl=0 unrealized_pnl=0 fees=0 net_pnl=0 return_pct=0
2026-03-31 19:57:16.330461425 [INFO ] live session accounting venue venue=BINANCE start_equity=10000 end_equity=10000 realized_pnl=0 unrealized_pnl=0 fees=0 net_pnl=0 return_pct=0 free_collateral=0 min_free_buffer=250
2026-03-31 19:57:16.330468675 [INFO ] portfolio intent intent=hold reason=alpha_decay reason_codes=alpha_decay signal_bps=0 risk_score=0 p_shock=0 p_illiquid=0 healthy_venues=1 enabled_venues=1 current_position=0 target_position=0 position_delta=0 inventory_age_ms=4332089236 spot_mid=67729.7 futures_mid=0 expected_cost_bps=8.8 basis_slippage_bps=0 alpha_edge_bps=-8.8 max_shortfall_bps=9.8 flatten_now=0 urgency=2
[HPO] primary trial 3/6 score=0.722595 loss_return=0.021011 loss_direction=2.239450 loss_risk=0.100635 params={'lr': 0.0002, 'dropout': 0.05, 'batch_size': 32, 'w_return': 0.5, 'w_direction': 0.3, 'w_risk': 0.4}
[HPO] primary trial 4/6 score=0.919636 loss_return=0.032914 loss_direction=2.175373 loss_risk=0.165145 params={'lr': 0.0002, 'dropout': 0.05, 'batch_size': 32, 'w_return': 0.5, 'w_direction': 0.4, 'w_risk': 0.2}
[HPO] primary trial 5/6 score=0.936131 loss_return=0.032393 loss_direction=2.187937 loss_risk=0.149199 params={'lr': 0.0002, 'dropout': 0.05, 'batch_size': 32, 'w_return': 0.5, 'w_direction': 0.4, 'w_risk': 0.3}
2026-03-31 20:00:16.749873796 [INFO ] venue quality exchange=BINANCE fill_probability=0.5 passive_markout_bps=0 taker_markout_bps=0 reject_rate=0 cancel_latency_penalty_bps=0 health_penalty_bps=0 stability_penalty_bps=0 quality_penalty_bps=2 sample_count=0
2026-03-31 20:00:16.749875712 [INFO ] live session accounting global start_equity=10000 end_equity=10000 realized_pnl=0 unrealized_pnl=0 fees=0 net_pnl=0 return_pct=0
2026-03-31 20:00:16.749877754 [INFO ] live session accounting venue venue=BINANCE start_equity=10000 end_equity=10000 realized_pnl=0 unrealized_pnl=0 fees=0 net_pnl=0 return_pct=0 free_collateral=0 min_free_buffer=250
2026-03-31 20:00:16.749883671 [INFO ] portfolio intent intent=hold reason=alpha_decay reason_codes=alpha_decay signal_bps=0 risk_score=0 p_shock=0 p_illiquid=0 healthy_venues=1 enabled_venues=1 current_position=0 target_position=0 position_delta=0 inventory_age_ms=4332089236 spot_mid=67861.7 futures_mid=0 expected_cost_bps=8.8 basis_slippage_bps=0 alpha_edge_bps=-8.8 max_shortfall_bps=9.8 flatten_now=0 urgency=2
[HPO] primary trial 6/6 score=0.950105 loss_return=0.031746 loss_direction=2.197705 loss_risk=0.137875 params={'lr': 0.0002, 'dropout': 0.05, 'batch_size': 32, 'w_return': 0.5, 'w_direction': 0.4, 'w_risk': 0.4}
[HPO] selected primary score=0.702689
[2026-03-31T20:02:18.397Z] [Shadow] retrain diagnostics context=primary fold=1 risk_pos=0.0 risk_neg=15872.0 risk_pos_weight=15872.000000
[2026-03-31T20:02:18.397Z] [Shadow] retrain diagnostics context=primary fold=2 risk_pos=0.0 risk_neg=43584.0 risk_pos_weight=43584.000000
[2026-03-31T20:02:18.642Z] [Shadow] challenger rejected — direction loss 1.0694 >= 0.8
[2026-03-31T20:02:18.886Z] [Shadow] model retrain done  ticks=1000  best_fold_loss=0.481561  oos_mse=0.001608  selected=incumbent
[HPO] tuning secondary model over 6 trials
[HPO] secondary trial 1/6 score=1.753966 loss_return=0.073696 loss_direction=2.249489 loss_risk=0.573181 params={'lr': 0.0002, 'dropout': 0.05, 'batch_size': 32, 'w_return': 0.1, 'w_direction': 0.7, 'w_risk': 0.3}
2026-03-31 20:03:17.177579389 [INFO ] venue quality exchange=BINANCE fill_probability=0.5 passive_markout_bps=0 taker_markout_bps=0 reject_rate=0 cancel_latency_penalty_bps=0 health_penalty_bps=0 stability_penalty_bps=0 quality_penalty_bps=2 sample_count=0
2026-03-31 20:03:17.177583264 [INFO ] live session accounting global start_equity=10000 end_equity=10000 realized_pnl=0 unrealized_pnl=0 fees=0 net_pnl=0 return_pct=0
2026-03-31 20:03:17.177585222 [INFO ] live session accounting venue venue=BINANCE start_equity=10000 end_equity=10000 realized_pnl=0 unrealized_pnl=0 fees=0 net_pnl=0 return_pct=0 free_collateral=0 min_free_buffer=250
2026-03-31 20:03:17.177592014 [INFO ] portfolio intent intent=hold reason=alpha_decay reason_codes=alpha_decay signal_bps=0 risk_score=0 p_shock=0 p_illiquid=0 healthy_venues=1 enabled_venues=1 current_position=0 target_position=0 position_delta=0 inventory_age_ms=4332089236 spot_mid=67873.7 futures_mid=0 expected_cost_bps=8.8 basis_slippage_bps=0 alpha_edge_bps=-8.8 max_shortfall_bps=9.8 flatten_now=0 urgency=2
[HPO] secondary trial 2/6 score=1.801600 loss_return=0.071204 loss_direction=2.261956 loss_risk=0.527775 params={'lr': 0.0002, 'dropout': 0.05, 'batch_size': 32, 'w_return': 0.1, 'w_direction': 0.7, 'w_risk': 0.4}
[HPO] secondary trial 3/6 score=1.846137 loss_return=0.070477 loss_direction=2.278140 loss_risk=0.488782 params={'lr': 0.0002, 'dropout': 0.05, 'batch_size': 32, 'w_return': 0.1, 'w_direction': 0.7, 'w_risk': 0.5}
[HPO] secondary trial 4/6 score=1.982841 loss_return=0.075945 loss_direction=2.246273 loss_risk=0.594095 params={'lr': 0.0002, 'dropout': 0.05, 'batch_size': 32, 'w_return': 0.1, 'w_direction': 0.8, 'w_risk': 0.3}
[HPO] secondary trial 5/6 score=2.033102 loss_return=0.073122 loss_direction=2.257596 loss_risk=0.549282 params={'lr': 0.0002, 'dropout': 0.05, 'batch_size': 32, 'w_return': 0.1, 'w_direction': 0.8, 'w_risk': 0.4}
2026-03-31 20:06:17.685892199 [INFO ] venue quality exchange=BINANCE fill_probability=0.5 passive_markout_bps=0 taker_markout_bps=0 reject_rate=0 cancel_latency_penalty_bps=0 health_penalty_bps=0 stability_penalty_bps=0 quality_penalty_bps=2 sample_count=0
2026-03-31 20:06:17.685894074 [INFO ] live session accounting global start_equity=10000 end_equity=10000 realized_pnl=0 unrealized_pnl=0 fees=0 net_pnl=0 return_pct=0
2026-03-31 20:06:17.685895990 [INFO ] live session accounting venue venue=BINANCE start_equity=10000 end_equity=10000 realized_pnl=0 unrealized_pnl=0 fees=0 net_pnl=0 return_pct=0 free_collateral=0 min_free_buffer=250
2026-03-31 20:06:17.685901240 [INFO ] portfolio intent intent=hold reason=alpha_decay reason_codes=alpha_decay signal_bps=0 risk_score=0 p_shock=0 p_illiquid=0 healthy_venues=1 enabled_venues=1 current_position=0 target_position=0 position_delta=0 inventory_age_ms=4332089236 spot_mid=67986.7 futures_mid=0 expected_cost_bps=8.8 basis_slippage_bps=0 alpha_edge_bps=-8.8 max_shortfall_bps=9.8 flatten_now=0 urgency=2
[HPO] secondary trial 6/6 score=2.079201 loss_return=0.071543 loss_direction=2.268689 loss_risk=0.514191 params={'lr': 0.0002, 'dropout': 0.05, 'batch_size': 32, 'w_return': 0.1, 'w_direction': 0.8, 'w_risk': 0.5}
[HPO] selected secondary score=1.753966
[2026-03-31T20:07:46.416Z] [Shadow] retrain diagnostics context=secondary fold=1 risk_pos=0.0 risk_neg=15872.0 risk_pos_weight=15872.000000
[2026-03-31T20:07:46.416Z] [Shadow] retrain diagnostics context=secondary fold=2 risk_pos=0.0 risk_neg=43584.0 risk_pos_weight=43584.000000
[2026-03-31T20:07:46.417Z] [Shadow] secondary model disabled — failed sanity checks secondary_loss=0.993041 primary_loss=0.353504 secondary_ic=0.000000 primary_ic=0.000000
[2026-03-31T20:07:58.167Z] [Regime] trained  names=['calm', 'trending', 'illiquid', 'shock']  spread_means=[1.292822, 1.501475, 1.713766, 1.981436]  spread_range=0.688614
[2026-03-31T20:07:58.168Z] [Shadow] regime retrain done  regimes=[calm, trending, illiquid, shock]
[2026-03-31T20:07:58.196Z] [Shadow] continuous retrain started processed_ticks=4699 window_ticks=1000
[WARN] Order-count columns are present but contain only zeros; count-aware depth features will be flat for this training run.
[DATA] alpha schema verified: levels=10 trade_cols=1 count_cols_bid=10 count_cols_ask=10
[2026-03-31T20:08:08.245Z] [Shadow] continuous retrain proceeding with all-zero order-count window bid_non_zero=0 ask_non_zero=0 — count-aware depth features will be flat (OKX feed degraded)
[HPO] tuning primary model over 6 trials
[HPO] primary trial 1/6 score=0.551289 loss_return=0.027062 loss_direction=1.688071 loss_risk=0.156680 params={'lr': 0.0002, 'dropout': 0.05, 'batch_size': 32, 'w_return': 0.5, 'w_direction': 0.3, 'w_risk': 0.2}
2026-03-31 20:09:18.130642362 [INFO ] venue quality exchange=BINANCE fill_probability=0.5 passive_markout_bps=0 taker_markout_bps=0 reject_rate=0 cancel_latency_penalty_bps=0 health_penalty_bps=0 stability_penalty_bps=0 quality_penalty_bps=2 sample_count=0
2026-03-31 20:09:18.130644320 [INFO ] live session accounting global start_equity=10000 end_equity=10000 realized_pnl=0 unrealized_pnl=0 fees=0 net_pnl=0 return_pct=0
2026-03-31 20:09:18.130646820 [INFO ] live session accounting venue venue=BINANCE start_equity=10000 end_equity=10000 realized_pnl=0 unrealized_pnl=0 fees=0 net_pnl=0 return_pct=0 free_collateral=0 min_free_buffer=250
2026-03-31 20:09:18.130653278 [INFO ] portfolio intent intent=hold reason=alpha_decay reason_codes=alpha_decay signal_bps=0 risk_score=0 p_shock=1.54839e-10 p_illiquid=1.01612e-07 healthy_venues=1 enabled_venues=1 current_position=0 target_position=0 position_delta=0 inventory_age_ms=4332089236 spot_mid=68053.7 futures_mid=0 expected_cost_bps=8.8 basis_slippage_bps=0 alpha_edge_bps=-8.8 max_shortfall_bps=9.8 flatten_now=0 urgency=2
[HPO] primary trial 2/6 score=0.572103 loss_return=0.026454 loss_direction=1.728074 loss_risk=0.134846 params={'lr': 0.0002, 'dropout': 0.05, 'batch_size': 32, 'w_return': 0.5, 'w_direction': 0.3, 'w_risk': 0.3}
[HPO] primary trial 3/6 score=0.585247 loss_return=0.022709 loss_direction=1.788213 loss_risk=0.093570 params={'lr': 0.0002, 'dropout': 0.05, 'batch_size': 32, 'w_return': 0.5, 'w_direction': 0.3, 'w_risk': 0.4}
2026-03-31 20:12:18.633729579 [INFO ] venue quality exchange=BINANCE fill_probability=0.5 passive_markout_bps=0 taker_markout_bps=0 reject_rate=0 cancel_latency_penalty_bps=0 health_penalty_bps=0 stability_penalty_bps=0 quality_penalty_bps=2 sample_count=0
2026-03-31 20:12:18.633732871 [INFO ] live session accounting global start_equity=10000 end_equity=10000 realized_pnl=0 unrealized_pnl=0 fees=0 net_pnl=0 return_pct=0
2026-03-31 20:12:18.633736496 [INFO ] live session accounting venue venue=BINANCE start_equity=10000 end_equity=10000 realized_pnl=0 unrealized_pnl=0 fees=0 net_pnl=0 return_pct=0 free_collateral=0 min_free_buffer=250
2026-03-31 20:12:18.633747496 [INFO ] portfolio intent intent=hold reason=alpha_decay reason_codes=alpha_decay signal_bps=0 risk_score=0 p_shock=1.54839e-10 p_illiquid=1.01612e-07 healthy_venues=1 enabled_venues=1 current_position=0 target_position=0 position_delta=0 inventory_age_ms=4332089236 spot_mid=68135.7 futures_mid=0 expected_cost_bps=8.8 basis_slippage_bps=0 alpha_edge_bps=-8.8 max_shortfall_bps=9.8 flatten_now=0 urgency=2
[HPO] primary trial 4/6 score=0.699983 loss_return=0.030417 loss_direction=1.628384 loss_risk=0.167103 params={'lr': 0.0002, 'dropout': 0.05, 'batch_size': 32, 'w_return': 0.5, 'w_direction': 0.4, 'w_risk': 0.2}
[HPO] primary trial 5/6 score=0.726640 loss_return=0.028845 loss_direction=1.673437 loss_risk=0.142809 params={'lr': 0.0002, 'dropout': 0.05, 'batch_size': 32, 'w_return': 0.5, 'w_direction': 0.4, 'w_risk': 0.3}
[HPO] primary trial 6/6 score=0.750357 loss_return=0.028107 loss_direction=1.711600 loss_risk=0.129158 params={'lr': 0.0002, 'dropout': 0.05, 'batch_size': 32, 'w_return': 0.5, 'w_direction': 0.4, 'w_risk': 0.4}
[HPO] selected primary score=0.551289
2026-03-31 20:15:19.215974303 [INFO ] venue quality exchange=BINANCE fill_probability=0.5 passive_markout_bps=0 taker_markout_bps=0 reject_rate=0 cancel_latency_penalty_bps=0 health_penalty_bps=0 stability_penalty_bps=0 quality_penalty_bps=2 sample_count=0
2026-03-31 20:15:19.215975928 [INFO ] live session accounting global start_equity=10000 end_equity=10000 realized_pnl=0 unrealized_pnl=0 fees=0 net_pnl=0 return_pct=0
2026-03-31 20:15:19.215977637 [INFO ] live session accounting venue venue=BINANCE start_equity=10000 end_equity=10000 realized_pnl=0 unrealized_pnl=0 fees=0 net_pnl=0 return_pct=0 free_collateral=0 min_free_buffer=250
2026-03-31 20:15:19.215983303 [INFO ] portfolio intent intent=hold reason=alpha_decay reason_codes=alpha_decay signal_bps=0 risk_score=0 p_shock=1.54839e-10 p_illiquid=1.01612e-07 healthy_venues=1 enabled_venues=1 current_position=0 target_position=0 position_delta=0 inventory_age_ms=4332089236 spot_mid=68167.7 futures_mid=0 expected_cost_bps=8.8 basis_slippage_bps=0 alpha_edge_bps=-8.8 max_shortfall_bps=9.8 flatten_now=0 urgency=2
[2026-03-31T20:16:11.315Z] [Shadow] retrain diagnostics context=primary fold=1 risk_pos=12.0 risk_neg=15860.0 risk_pos_weight=1321.666626
[2026-03-31T20:16:11.315Z] [Shadow] retrain diagnostics context=primary fold=2 risk_pos=12.0 risk_neg=43572.0 risk_pos_weight=3631.000000
[2026-03-31T20:16:11.563Z] [Shadow] challenger rejected — direction loss 1.0128 >= 0.8
[2026-03-31T20:16:11.818Z] [Shadow] model retrain done  ticks=1000  best_fold_loss=0.402767  oos_mse=0.002762  selected=incumbent
[HPO] tuning secondary model over 6 trials
[HPO] secondary trial 1/6 score=1.443396 loss_return=0.078161 loss_direction=1.817297 loss_risk=0.544906 params={'lr': 0.0002, 'dropout': 0.05, 'batch_size': 32, 'w_return': 0.1, 'w_direction': 0.7, 'w_risk': 0.3}
[HPO] secondary trial 2/6 score=1.485773 loss_return=0.078103 loss_direction=1.820307 loss_risk=0.509367 params={'lr': 0.0002, 'dropout': 0.05, 'batch_size': 32, 'w_return': 0.1, 'w_direction': 0.7, 'w_risk': 0.4}
2026-03-31 20:18:19.641868019 [INFO ] venue quality exchange=BINANCE fill_probability=0.5 passive_markout_bps=0 taker_markout_bps=0 reject_rate=0 cancel_latency_penalty_bps=0 health_penalty_bps=0 stability_penalty_bps=0 quality_penalty_bps=2 sample_count=0
2026-03-31 20:18:19.641872769 [INFO ] live session accounting global start_equity=10000 end_equity=10000 realized_pnl=0 unrealized_pnl=0 fees=0 net_pnl=0 return_pct=0
2026-03-31 20:18:19.641877310 [INFO ] live session accounting venue venue=BINANCE start_equity=10000 end_equity=10000 realized_pnl=0 unrealized_pnl=0 fees=0 net_pnl=0 return_pct=0 free_collateral=0 min_free_buffer=250
2026-03-31 20:18:19.641898852 [INFO ] portfolio intent intent=hold reason=alpha_decay reason_codes=alpha_decay signal_bps=0 risk_score=0 p_shock=1.54839e-10 p_illiquid=1.01612e-07 healthy_venues=1 enabled_venues=1 current_position=0 target_position=0 position_delta=0 inventory_age_ms=4332089236 spot_mid=68099.7 futures_mid=0 expected_cost_bps=8.8 basis_slippage_bps=0 alpha_edge_bps=-8.8 max_shortfall_bps=9.8 flatten_now=0 urgency=2
[HPO] secondary trial 3/6 score=1.526587 loss_return=0.078540 loss_direction=1.822040 loss_risk=0.486611 params={'lr': 0.0002, 'dropout': 0.05, 'batch_size': 32, 'w_return': 0.1, 'w_direction': 0.7, 'w_risk': 0.5}
[HPO] secondary trial 4/6 score=1.628859 loss_return=0.079343 loss_direction=1.815787 loss_risk=0.560985 params={'lr': 0.0002, 'dropout': 0.05, 'batch_size': 32, 'w_return': 0.1, 'w_direction': 0.8, 'w_risk': 0.3}
[HPO] secondary trial 5/6 score=1.672498 loss_return=0.079059 loss_direction=1.819429 loss_risk=0.522623 params={'lr': 0.0002, 'dropout': 0.05, 'batch_size': 32, 'w_return': 0.1, 'w_direction': 0.8, 'w_risk': 0.4}
[HPO] secondary trial 6/6 score=1.713882 loss_return=0.079144 loss_direction=1.821502 loss_risk=0.497531 params={'lr': 0.0002, 'dropout': 0.05, 'batch_size': 32, 'w_return': 0.1, 'w_direction': 0.8, 'w_risk': 0.5}
[HPO] selected secondary score=1.443396
2026-03-31 20:21:20.067892733 [INFO ] venue quality exchange=BINANCE fill_probability=0.5 passive_markout_bps=0 taker_markout_bps=0 reject_rate=0 cancel_latency_penalty_bps=0 health_penalty_bps=0 stability_penalty_bps=0 quality_penalty_bps=2 sample_count=0
2026-03-31 20:21:20.067894566 [INFO ] live session accounting global start_equity=10000 end_equity=10000 realized_pnl=0 unrealized_pnl=0 fees=0 net_pnl=0 return_pct=0
2026-03-31 20:21:20.067896400 [INFO ] live session accounting venue venue=BINANCE start_equity=10000 end_equity=10000 realized_pnl=0 unrealized_pnl=0 fees=0 net_pnl=0 return_pct=0 free_collateral=0 min_free_buffer=250
2026-03-31 20:21:20.067901775 [INFO ] portfolio intent intent=hold reason=alpha_decay reason_codes=alpha_decay signal_bps=0 risk_score=0 p_shock=1.54839e-10 p_illiquid=1.01612e-07 healthy_venues=1 enabled_venues=1 current_position=0 target_position=0 position_delta=0 inventory_age_ms=4332089236 spot_mid=68008.7 futures_mid=0 expected_cost_bps=8.8 basis_slippage_bps=0 alpha_edge_bps=-8.8 max_shortfall_bps=9.8 flatten_now=0 urgency=2
[2026-03-31T20:21:46.532Z] [Shadow] retrain diagnostics context=secondary fold=1 risk_pos=12.0 risk_neg=15860.0 risk_pos_weight=1321.666626
[2026-03-31T20:21:46.532Z] [Shadow] retrain diagnostics context=secondary fold=2 risk_pos=12.0 risk_neg=43572.0 risk_pos_weight=3631.000000
[2026-03-31T20:21:46.532Z] [Shadow] secondary model disabled — failed sanity checks secondary_loss=1.050294 primary_loss=0.401300 secondary_ic=0.000000 primary_ic=0.000000
[2026-03-31T20:21:46.533Z] [Shadow] continuous retrain completed processed_ticks=4699
[2026-03-31T20:21:53.783Z] [Regime] trained  names=['calm', 'trending', 'illiquid', 'shock']  spread_means=[2.761677, 0.179969, 1.770881, 1.670881]  spread_range=2.581708
[2026-03-31T20:21:53.783Z] [Shadow] regime retrain done  regimes=[calm, trending, illiquid, shock]
[2026-03-31T20:21:53.797Z] [ShadowSummary] {"average_dominant_confidence": 0.9999999491145326, "confidence_gate": 2, "dominant_regime": "shock", "dominant_regime_change_count": 1, "horizon_gate": 2, "ic": 0.0, "icir": 0.0, "mean_effective_bps": -9.66404704377055, "mean_raw_bps": -552.2312596440315, "regime_retrain_failure_counts": {}, "retrain_failure_counts": {}, "safe_mode_gate": 0, "seconds_since_last_continuous_train": 835.59840875, "seconds_since_last_regime_train": 7.263549584, "std_effective_bps": 0.9424721822142601, "switches_per_minute": 0.07180365293262556, "ticks": 2, "ts_quality": "ok", "venue_health": {"BINANCE": {"health_state": "healthy", "health_transition_count": 1, "health_transition_root_causes": {"bridge_gap": 0, "recovered": 1, "resnapshot_loop": 0, "snapshot_rejection": 0}}}}
[2026-03-31T20:21:53.829Z] [Shadow] continuous retrain started processed_ticks=8811 window_ticks=1000
[WARN] Order-count columns are present but contain only zeros; count-aware depth features will be flat for this training run.
[DATA] alpha schema verified: levels=10 trade_cols=1 count_cols_bid=10 count_cols_ask=10
[2026-03-31T20:21:55.859Z] [Shadow] continuous retrain proceeding with all-zero order-count window bid_non_zero=0 ask_non_zero=0 — count-aware depth features will be flat (OKX feed degraded)
[HPO] tuning primary model over 6 trials
2026-03-31 20:21:58.242523561 [INFO ] portfolio intent intent=hold reason=shock_regime reason_codes=shock_regime signal_bps=0 risk_score=0 p_shock=1 p_illiquid=1e-12 healthy_venues=1 enabled_venues=1 current_position=0 target_position=0 position_delta=-0 inventory_age_ms=4332089236 spot_mid=67980.7 futures_mid=0 expected_cost_bps=8.8 basis_slippage_bps=0 alpha_edge_bps=-8.8 max_shortfall_bps=11.3 flatten_now=0 urgency=2
[HPO] primary trial 1/6 score=3.059444 loss_return=0.040181 loss_direction=9.853010 loss_risk=0.417249 params={'lr': 0.0002, 'dropout': 0.05, 'batch_size': 32, 'w_return': 0.5, 'w_direction': 0.3, 'w_risk': 0.2}
[HPO] primary trial 2/6 score=3.096495 loss_return=0.038402 loss_direction=9.867919 loss_risk=0.389724 params={'lr': 0.0002, 'dropout': 0.05, 'batch_size': 32, 'w_return': 0.5, 'w_direction': 0.3, 'w_risk': 0.3}
2026-03-31 20:24:20.880524840 [INFO ] venue quality exchange=BINANCE fill_probability=0.5 passive_markout_bps=0 taker_markout_bps=0 reject_rate=0 cancel_latency_penalty_bps=0 health_penalty_bps=0 stability_penalty_bps=0 quality_penalty_bps=2 sample_count=0
2026-03-31 20:24:59.048565699 [INFO ] live session accounting global start_equity=10000 end_equity=10000 realized_pnl=0 unrealized_pnl=0 fees=0 net_pnl=0 return_pct=0
2026-03-31 20:24:59.048567699 [INFO ] live session accounting venue venue=BINANCE start_equity=10000 end_equity=10000 realized_pnl=0 unrealized_pnl=0 fees=0 net_pnl=0 return_pct=0 free_collateral=0 min_free_buffer=250
2026-03-31 20:24:59.049937076 [INFO ] portfolio intent intent=hold reason=shock_regime reason_codes=shock_regime signal_bps=0 risk_score=0 p_shock=1 p_illiquid=1e-12 healthy_venues=1 enabled_venues=1 current_position=0 target_position=0 position_delta=-0 inventory_age_ms=4332089236 spot_mid=68015.7 futures_mid=0 expected_cost_bps=8.8 basis_slippage_bps=0 alpha_edge_bps=-8.8 max_shortfall_bps=11.3 flatten_now=0 urgency=2
[HPO] primary trial 3/6 score=3.134630 loss_return=0.037423 loss_direction=9.878215 loss_risk=0.381133 params={'lr': 0.0002, 'dropout': 0.05, 'batch_size': 32, 'w_return': 0.5, 'w_direction': 0.3, 'w_risk': 0.4}
[HPO] primary trial 4/6 score=4.046449 loss_return=0.042185 loss_direction=9.850520 loss_risk=0.425737 params={'lr': 0.0002, 'dropout': 0.05, 'batch_size': 32, 'w_return': 0.5, 'w_direction': 0.4, 'w_risk': 0.2}
2026-03-31 20:27:21.473347833 [INFO ] venue quality exchange=BINANCE fill_probability=0.5 passive_markout_bps=0 taker_markout_bps=0 reject_rate=0 cancel_latency_penalty_bps=0 health_penalty_bps=0 stability_penalty_bps=0 quality_penalty_bps=2 sample_count=0
