(.venv) clementandredupuy@Mac ThamesRiverTrading % git pull origin
Already up to date.
(.venv) clementandredupuy@Mac ThamesRiverTrading % ./deploy/scripts/build.sh --skip-tests --skip-cpp-tests
=== ThamesRiverTrading local build ===
[build] project_root=/Users/clementandredupuy/Desktop/ThamesRiverTrading
[build] Running preflight dependency check
[OK] cmake: binary in PATH
[OK] pkg-config: binary in PATH
[OK] libwebsockets: 4.5.5-unknown
[OK] libcurl: 8.7.1
[OK] nlohmann/json.hpp: header found

Preflight passed. Environment is ready for configure/build/bootstrap.
[build] Configuring CMake in build
-- Could NOT find GTest (missing: GTEST_LIBRARY GTEST_INCLUDE_DIR GTEST_MAIN_LIBRARY)
-- GTest not found, downloading...
CMake Deprecation Warning at build/_deps/googletest-src/CMakeLists.txt:4 (cmake_minimum_required):
  Compatibility with CMake < 3.10 will be removed from a future version of
  CMake.

  Update the VERSION argument <min> value.  Or, use the <min>...<max> syntax
  to tell CMake that the project requires at least <min> but has been updated
  to work with policies introduced by <max> or earlier.


CMake Deprecation Warning at build/_deps/googletest-src/googlemock/CMakeLists.txt:39 (cmake_minimum_required):
  Compatibility with CMake < 3.10 will be removed from a future version of
  CMake.

  Update the VERSION argument <min> value.  Or, use the <min>...<max> syntax
  to tell CMake that the project requires at least <min> but has been updated
  to work with policies introduced by <max> or earlier.


CMake Deprecation Warning at build/_deps/googletest-src/googletest/CMakeLists.txt:49 (cmake_minimum_required):
  Compatibility with CMake < 3.10 will be removed from a future version of
  CMake.

  Update the VERSION argument <min> value.  Or, use the <min>...<max> syntax
  to tell CMake that the project requires at least <min> but has been updated
  to work with policies introduced by <max> or earlier.


-- pybind11 not found — skipping Python bindings. Fix: pip install pybind11  or  pip3 install pybind11
-- Configuring done (0.5s)
-- Generating done (0.1s)
-- Build files have been written to: /Users/clementandredupuy/Desktop/ThamesRiverTrading/build
[build] Building C++ targets (jobs=10)
[  2%] Built target kraken_feed
[  5%] Built target gtest
[  7%] Built target coinbase_feed
[ 10%] Built target okx_feed
[ 13%] Built target binance_feed
[ 21%] Built target execution
[ 26%] Built target gtest_main
[ 26%] Built target gmock
[ 28%] Built target trading_engine
[ 31%] Built target okx_feed_test
[ 34%] Built target venue_quality_runtime_test
[ 36%] Built target portfolio_intent_engine_test
[ 42%] Built target parent_order_manager_test
[ 42%] Built target coinbase_feed_test
[ 44%] Built target smart_order_router_test
[ 47%] Built target orderbook_test
[ 50%] Built target binance_feed_test
[ 52%] Built target kraken_feed_test
[ 55%] Built target venue_quality_model_test
[ 57%] Built target child_order_scheduler_test
[ 60%] Built target live_connectors_test
[ 63%] Built target market_maker_risk_test
[ 65%] Built target connector_contract_test
[ 68%] Built target order_manager_test
[ 71%] Built target connector_failure_injection_test
[ 73%] Built target global_risk_controls_test
[ 76%] Built target idempotency_recovery_test
[ 78%] Built target feed_replay_test
[ 81%] Built target full_pipeline_replay_test
[ 84%] Built target latency_budget_test
[ 86%] Built target feed_disconnect_chaos_test
[ 94%] Built target gmock_main
[ 94%] Built target reconciliation_service_test
[ 94%] Built target ipc_test
[ 97%] Built target feed_bootstrap_test
[100%] Built target shadow_engine_test
[build] Using Python interpreter: python3.11 (Python 3.11.15)
[build] Installing Python package (editable)
Obtaining file:///Users/clementandredupuy/Desktop/ThamesRiverTrading
  Installing build dependencies ... done
  Checking if build backend supports build_editable ... done
  Getting requirements to build editable ... done
  Installing backend dependencies ... done
  Preparing editable metadata (pyproject.toml) ... done
Requirement already satisfied: numpy>=1.24 in /opt/homebrew/lib/python3.11/site-packages (from trading-core==1.0.0) (2.4.3)
Building wheels for collected packages: trading-core
  Building editable for trading-core (pyproject.toml) ... done
  Created wheel for trading-core: filename=trading_core-1.0.0-cp311-cp311-macosx_15_0_arm64.whl size=1310794 sha256=316ee8d45b11fa2b80259adeedfc138c03f6f35cf0524ed11946162de1af2212
  Stored in directory: /private/var/folders/w0/m1s6w4vd2hxfy89cph1frbmr0000gn/T/pip-ephem-wheel-cache-zuweervv/wheels/ec/f3/e3/3261dbd5d5e671aac6a7b077188ec6a93c1ba768120bfbca0a
Successfully built trading-core
Installing collected packages: trading-core
  Attempting uninstall: trading-core
    Found existing installation: trading-core 1.0.0
    Uninstalling trading-core-1.0.0:
      Successfully uninstalled trading-core-1.0.0
Successfully installed trading-core-1.0.0
[build] Building pybind11 bindings in-place
trading_core build configuration:
  pybind11 : 3.0.2 @ /opt/homebrew/lib/python3.11/site-packages/pybind11/include
  include  : ['/opt/homebrew/lib/python3.11/site-packages/pybind11/include', '/Users/clementandredupuy/Desktop/ThamesRiverTrading/core', '/opt/homebrew/Cellar/libwebsockets/4.5.5/include', '/opt/homebrew/Cellar/openssl@3/3.6.1/include', '/opt/homebrew/Cellar/nlohmann-json/3.12.0/include']
  libs     : ['websockets', 'curl', 'ssl', 'crypto']
  lib_dirs : ['/opt/homebrew/Cellar/libwebsockets/4.5.5/lib', '/opt/homebrew/Cellar/openssl@3/3.6.1/lib']
  cflags   : ['-std=c++17', '-O2', '-fPIC', '-fvisibility=hidden', '-DNDEBUG']
running build_ext
copying build/lib.macosx-15.0-arm64-cpython-311/trading_core.cpython-311-darwin.so ->
[build] Byte-compiling Python sources
Listing 'research'...
Listing 'research/backtest'...
Listing 'research/neural_alpha'...
Listing 'research/neural_alpha/common'...
Listing 'research/neural_alpha/data'...
Listing 'research/neural_alpha/evaluation'...
Listing 'research/neural_alpha/models'...
Listing 'research/neural_alpha/operations'...
Listing 'research/neural_alpha/runtime'...
Listing 'research/regime'...
Listing 'deploy'...
Listing 'deploy/aws'...
Listing 'deploy/aws/terraform'...
Listing 'deploy/scripts'...
Listing 'deploy/systemd'...
Listing 'tests'...
Listing 'tests/data'...
Listing 'tests/data/replay'...
Listing 'tests/data/shadow_phase0'...
Listing 'tests/integration'...
Listing 'tests/perf'...
Listing 'tests/replay'...
Listing 'tests/unit'...
[build] Skipping C++ tests
[build] Skipping Python tests
[build] Done.
(.venv) clementandredupuy@Mac ThamesRiverTrading % ./deploy/run_shadow.sh --venues OKX,KRAKEN,BINANCE --symbol ETHUSDT
[2026-03-24T07:03:27Z] [shadow] [INFO] Starting python shadow session with python3.11 (symbol=ETHUSDT, exchanges=OKX,KRAKEN,BINANCE, signals -> /tmp/trt_ipc/neural_alpha_signal.bin, log=/Users/clementandredupuy/Desktop/ThamesRiverTrading/logs/neural_alpha_shadow.jsonl)
[2026-03-24T07:03:27Z] [shadow] [INFO] Starting C++ shadow runner symbol=ETHUSDT venues=OKX,KRAKEN,BINANCE duration=4000s interval=1000ms
2026-03-24 07:03:28.141012166 [INFO ] [Binance] FeedHandler created symbol=ETHUSDT
2026-03-24 07:03:28.141058041 [INFO ] [Kraken] FeedHandler created symbol=ETHUSDT
2026-03-24 07:03:28.141069333 [INFO ] [OKX] FeedHandler created symbol=ETHUSDT inst_id=ETH-USDT
2026-03-24 07:03:28.141079958 [INFO ] [Coinbase] FeedHandler created symbol=ETHUSDT
2026-03-24 07:03:28.441696915 [INFO ] [Binance] Tick size fetched symbol=ETHUSDT tick_size=0.01
2026-03-24 07:03:28.507580399 [INFO ] [Kraken] Tick size fetched symbol=ETHUSDT tick_size=0.01
2026-03-24 07:03:28.769743584 [INFO ] [OKX] Tick size fetched symbol=ETHUSDT tick_size=0.01
2026-03-24 07:03:28.769769501 [INFO ] Grid configuration target_range_usd=250 binance_tick=0.01 binance_levels=25000 binance_range_usd=250 kraken_tick=0.01 kraken_levels=25000 kraken_range_usd=250 okx_tick=0.01 okx_levels=25000 okx_range_usd=250 coinbase_tick=1 coinbase_levels=250 coinbase_range_usd=250
2026-03-24 07:03:28.771374420 [INFO ] [Binance] Starting feed handler symbol=ETHUSDT
2026-03-24 07:03:29.053581722 [INFO ] [Binance] Tick size fetched symbol=ETHUSDT tick_size=0.01
[2026/03/24 07:03:29:0540] N: lws_create_context: LWS: 4.5.5-unknown, NET CLI SRV H1 H2 WS SS-JSON-POL ConMon IPV6-on
2026-03-24 07:03:29.807065181 [INFO ] [Binance] WebSocket established, fetching snapshot symbol=ETHUSDT
2026-03-24 07:03:29.807072056 [INFO ] [Binance] Fetching snapshot symbol=ETHUSDT
2026-03-24 07:03:30.142330863 [INFO ] [OrderBook] Grid bounds symbol=ETHUSDT exchange=BINANCE tick_size=0.01 capacity_levels=25000 active_levels=25000 base=2021.05 top=2271.05 dynamic_range_from_snapshot=false
2026-03-24 07:03:30.142489655 [INFO ] [OrderBook] Snapshot applied symbol=ETHUSDT sequence=73735716985 base_price=2021.05 bids=5000 asks=5000
2026-03-24 07:03:30.142582571 [INFO ] [Binance] Snapshot received symbol=ETHUSDT sequence=73735716985 bids=5000 asks=5000 snapshot_latency_ms=307
2026-03-24 07:03:30.147810872 [INFO ] [Binance] No buffered bridge delta required sequence=73735716985 skipped=0
2026-03-24 07:03:30.147820497 [INFO ] [Binance] Feed handler started symbol=ETHUSDT
2026-03-24 07:03:30.147821497 [INFO ] [Kraken] Starting feed handler symbol=ETHUSDT
2026-03-24 07:03:30.172543288 [INFO ] [Kraken] Tick size fetched symbol=ETHUSDT tick_size=0.01
[2026/03/24 07:03:30:1726] N: lws_create_context: LWS: 4.5.5-unknown, NET CLI SRV H1 H2 WS SS-JSON-POL ConMon IPV6-on
2026-03-24 07:03:31.347760822 [INFO ] [Kraken] WebSocket established, waiting for snapshot symbol=ETHUSDT
2026-03-24 07:03:31.652835037 [INFO ] [OrderBook] Grid bounds symbol=ETHUSDT exchange=KRAKEN tick_size=0.01 capacity_levels=25000 active_levels=25000 base=2020.81 top=2270.81 dynamic_range_from_snapshot=false
2026-03-24 07:03:31.652839245 [INFO ] [OrderBook] Snapshot applied symbol=ETHUSDT sequence=0 base_price=2020.81 bids=100 asks=100
2026-03-24 07:03:31.652938120 [INFO ] [Kraken] Feed handler started symbol=ETHUSDT
2026-03-24 07:03:31.652939120 [INFO ] [OKX] Starting feed handler symbol=ETHUSDT
2026-03-24 07:03:31.868161436 [INFO ] [OKX] Tick size fetched symbol=ETHUSDT tick_size=0.01
[2026/03/24 07:03:31:8682] N: lws_create_context: LWS: 4.5.5-unknown, NET CLI SRV H1 H2 WS SS-JSON-POL ConMon IPV6-on
2026-03-24 07:03:32.566374679 [INFO ] [OKX] WebSocket established symbol=ETHUSDT
2026-03-24 07:03:33.021976935 [INFO ] [OrderBook] Grid bounds symbol=ETHUSDT exchange=OKX tick_size=0.01 capacity_levels=25000 active_levels=25000 base=2021.22 top=2271.22 dynamic_range_from_snapshot=false
2026-03-24 07:03:33.021994768 [INFO ] [OrderBook] Snapshot applied symbol=ETHUSDT sequence=68135856147 base_price=2021.22 bids=400 asks=400
2026-03-24 07:03:33.022085143 [INFO ] [OKX] Applied buffered deltas applied=0 skipped=0
2026-03-24 07:03:33.022093560 [INFO ] [OKX] feed handler started symbol=ETHUSDT
2026-03-24 07:03:33.022116560 [WARN ] venue credential missing venue=OKX field=api_key
2026-03-24 07:03:33.022116893 [WARN ] venue credential missing venue=OKX field=api_secret
2026-03-24 07:03:33.022117143 [WARN ] venue credential missing venue=OKX field=api_passphrase
2026-03-24 07:03:33.023546313 [INFO ] trading_engine started mode=shadow venues=OKX,KRAKEN,BINANCE symbol=ETHUSDT
2026-03-24 07:03:33.024122771 [INFO ] venue quality exchange=BINANCE fill_probability=0.5 passive_markout_bps=0 taker_markout_bps=0 reject_rate=0 cancel_latency_penalty_bps=0 health_penalty_bps=0 stability_penalty_bps=0 quality_penalty_bps=2 sample_count=0
2026-03-24 07:03:33.024123813 [INFO ] venue quality exchange=KRAKEN fill_probability=0.5 passive_markout_bps=0 taker_markout_bps=0 reject_rate=0 cancel_latency_penalty_bps=0 health_penalty_bps=0 stability_penalty_bps=0 quality_penalty_bps=2 sample_count=0
2026-03-24 07:03:33.024124730 [INFO ] venue quality exchange=OKX fill_probability=0.5 passive_markout_bps=0 taker_markout_bps=0 reject_rate=0 cancel_latency_penalty_bps=0 health_penalty_bps=0 stability_penalty_bps=0 quality_penalty_bps=2 sample_count=0
2026-03-24 07:03:33.024128230 [INFO ] portfolio intent intent=hold reason=illiquid_regime reason_codes=illiquid_regime signal_bps=0 risk_score=0.0115332 p_shock=4.42026e-48 p_illiquid=1 healthy_venues=3 enabled_venues=3 current_position=0 target_position=0 position_delta=0 expected_cost_bps=6.7 max_shortfall_bps=9.7 flatten_now=0 urgency=0
2026-03-24 07:03:34.026577144 [INFO ] portfolio intent intent=hold reason=none reason_codes=none signal_bps=0 risk_score=0.00499818 p_shock=6.14981e-178 p_illiquid=3.233e-08 healthy_venues=3 enabled_venues=3 current_position=0 target_position=0 position_delta=0 expected_cost_bps=6.7 max_shortfall_bps=9.7 flatten_now=0 urgency=0
2026-03-24 07:03:39.050657359 [INFO ] portfolio intent intent=enter_long reason=alpha_positive reason_codes=alpha_positive signal_bps=977.421 risk_score=0.00320325 p_shock=1.55915e-182 p_illiquid=4.88015e-11 healthy_venues=3 enabled_venues=3 current_position=0 target_position=0.794883 position_delta=0.794883 expected_cost_bps=6.7 max_shortfall_bps=7.7 flatten_now=0 urgency=2
2026-03-24 07:03:39.051304652 [INFO ] shadow state transition from=FLAT to=ENTERING reason=alpha_positive current_pos=0 target_pos=0.794883
2026-03-24 07:03:39.051545694 [INFO ] order submitted intent=enter_long reason=alpha_positive reason_codes=alpha_positive child=0 style=ioc venue=BINANCE side=BID qty=0.794883 route_qty=0.794883 limit_px=2145.87 result=0 target_position=0.794883 current_position=0 urgency=2 expected_cost_bps=6.7 expected_edge_bps=970.721 max_shortfall_bps=7.7 expected_shortfall_bps=10.22
[2026-03-24T07:03:39.975Z] [Shadow] continuous retrain started processed_ticks=4048 window_ticks=1000
2026-03-24 07:03:40.057336072 [INFO ] portfolio intent intent=hold reason=alpha_positive reason_codes=alpha_positive signal_bps=977.421 risk_score=0.00320325 p_shock=1.55915e-182 p_illiquid=4.88015e-11 healthy_venues=3 enabled_venues=3 current_position=0.794883 target_position=0.794883 position_delta=0 expected_cost_bps=6.7 max_shortfall_bps=9.7 flatten_now=0 urgency=0
2026-03-24 07:03:40.057342530 [INFO ] shadow state transition from=ENTERING to=HOLDING reason=alpha_positive current_pos=0.794883 target_pos=0.794883
2026-03-24 07:03:45.069232058 [INFO ] portfolio intent intent=hold reason=stale_inventory,alpha_positive reason_codes=stale_inventory,alpha_positive signal_bps=977.421 risk_score=0.00320325 p_shock=1.55915e-182 p_illiquid=4.88015e-11 healthy_venues=3 enabled_venues=3 current_position=0.794883 target_position=0.794883 position_delta=0 expected_cost_bps=6.7 max_shortfall_bps=9.7 flatten_now=0 urgency=2
[2026-03-24T07:03:57.395Z] [Shadow] model retrain done  ticks=1000  best_fold_loss=0.964983  oos_mse=0.000000  selected=challenger
2026-03-24 07:04:00.102946472 [INFO ] portfolio intent intent=hold reason=stale_inventory,alpha_positive reason_codes=stale_inventory,alpha_positive signal_bps=977.421 risk_score=0.00320325 p_shock=1.55915e-182 p_illiquid=4.88015e-11 healthy_venues=3 enabled_venues=3 current_position=0.794883 target_position=0.794883 position_delta=0 expected_cost_bps=6.7 max_shortfall_bps=9.7 flatten_now=0 urgency=2
[2026-03-24T07:04:00.953Z] [Shadow] continuous retrain completed processed_ticks=4048
[2026-03-24T07:04:00.988Z] [Shadow] continuous retrain started processed_ticks=13128 window_ticks=1000
2026-03-24 07:04:01.105104303 [INFO ] portfolio intent intent=flatten reason=stale_inventory,alpha_decay reason_codes=stale_inventory,alpha_decay signal_bps=0 risk_score=0.00786263 p_shock=5.59466e-250 p_illiquid=7.04082e-06 healthy_venues=3 enabled_venues=3 current_position=0.794883 target_position=0 position_delta=-0.794883 expected_cost_bps=6.7 max_shortfall_bps=7.7 flatten_now=1 urgency=2
2026-03-24 07:04:01.105135803 [INFO ] shadow state transition from=HOLDING to=FLATTENING reason=stale_inventory,alpha_decay current_pos=0.794883 target_pos=0
2026-03-24 07:04:01.105344261 [INFO ] order submitted intent=flatten reason=stale_inventory,alpha_decay reason_codes=stale_inventory,alpha_decay child=0 style=ioc venue=OKX side=ASK qty=0.794883 route_qty=0.794883 limit_px=2146.74 result=0 target_position=0 current_position=0.794883 urgency=2 expected_cost_bps=6.7 expected_edge_bps=-6.7 max_shortfall_bps=7.7 expected_shortfall_bps=11.22
2026-03-24 07:04:02.106386715 [INFO ] portfolio intent intent=hold reason=none reason_codes=none signal_bps=0 risk_score=0.00786263 p_shock=5.59466e-250 p_illiquid=7.04082e-06 healthy_venues=3 enabled_venues=3 current_position=0 target_position=0 position_delta=0 expected_cost_bps=6.7 max_shortfall_bps=9.7 flatten_now=0 urgency=0
2026-03-24 07:04:02.106394715 [INFO ] shadow state transition from=FLATTENING to=FLAT reason=none current_pos=0 target_pos=0
[2026-03-24T07:04:17.031Z] [Shadow] model retrain done  ticks=1000  best_fold_loss=0.852402  oos_mse=0.000001  selected=incumbent
2026-03-24 07:04:17.146305306 [INFO ] portfolio intent intent=hold reason=none reason_codes=none signal_bps=0 risk_score=0.00786263 p_shock=5.59466e-250 p_illiquid=7.04082e-06 healthy_venues=3 enabled_venues=3 current_position=0 target_position=0 position_delta=0 expected_cost_bps=6.7 max_shortfall_bps=9.7 flatten_now=0 urgency=0
[2026-03-24T07:04:20.442Z] [Shadow] continuous retrain completed processed_ticks=13128
[2026-03-24T07:04:24.134Z] [Regime] trained  names=['calm', 'illiquid', 'trending', 'shock']  spread_means=[1.530277, 2.234186, 0.441889, 1.217542]  spread_range=1.792297
[2026-03-24T07:04:24.135Z] [Shadow] regime retrain done  regimes=[calm, illiquid, trending, shock]
2026-03-24 07:04:24.163908038 [INFO ] portfolio intent intent=hold reason=risk_off reason_codes=risk_off signal_bps=0 risk_score=0.885372 p_shock=1.00786e-05 p_illiquid=1.82547e-06 healthy_venues=3 enabled_venues=3 current_position=0 target_position=0 position_delta=-0 expected_cost_bps=6.7 max_shortfall_bps=9.2 flatten_now=0 urgency=2
[2026-03-24T07:04:24.173Z] [Shadow] continuous retrain started processed_ticks=22826 window_ticks=1000
2026-03-24 07:04:33.191951025 [INFO ] venue quality exchange=BINANCE fill_probability=0.6556 passive_markout_bps=0 taker_markout_bps=-0.0124442 reject_rate=0 cancel_latency_penalty_bps=0 health_penalty_bps=0 stability_penalty_bps=0.00933315 quality_penalty_bps=1.38693 sample_count=4
2026-03-24 07:04:33.191952317 [INFO ] venue quality exchange=KRAKEN fill_probability=0.5 passive_markout_bps=0 taker_markout_bps=0 reject_rate=0 cancel_latency_penalty_bps=0 health_penalty_bps=0 stability_penalty_bps=0 quality_penalty_bps=2 sample_count=0
2026-03-24 07:04:33.191953358 [INFO ] venue quality exchange=OKX fill_probability=0.5 passive_markout_bps=0 taker_markout_bps=0 reject_rate=0 cancel_latency_penalty_bps=0 health_penalty_bps=0 stability_penalty_bps=0 quality_penalty_bps=2 sample_count=1
2026-03-24 07:04:39.203190629 [INFO ] portfolio intent intent=hold reason=risk_off reason_codes=risk_off signal_bps=0 risk_score=0.885372 p_shock=1.00786e-05 p_illiquid=1.82547e-06 healthy_venues=3 enabled_venues=3 current_position=0 target_position=0 position_delta=-0 expected_cost_bps=6.7 max_shortfall_bps=9.2 flatten_now=0 urgency=2
[2026-03-24T07:04:42.141Z] [Shadow] model retrain done  ticks=1000  best_fold_loss=1.005994  oos_mse=0.000000  selected=challenger
[2026-03-24T07:04:45.709Z] [Shadow] continuous retrain completed processed_ticks=22826
[2026-03-24T07:04:48.069Z] [Regime] trained  names=['calm', 'illiquid', 'trending', 'shock']  spread_means=[0.066954, 3.333025, 1.220567, 1.011246]  spread_range=3.266071
[2026-03-24T07:04:48.070Z] [Shadow] regime retrain done  regimes=[calm, illiquid, trending, shock]
[2026-03-24T07:04:48.110Z] [Shadow] continuous retrain started processed_ticks=32826 window_ticks=1000
2026-03-24 07:04:48.218751844 [INFO ] portfolio intent intent=hold reason=none reason_codes=none signal_bps=0 risk_score=0.0607203 p_shock=1.3496e-08 p_illiquid=0 healthy_venues=3 enabled_venues=3 current_position=0 target_position=0 position_delta=0 expected_cost_bps=6.7 max_shortfall_bps=9.7 flatten_now=0 urgency=0
2026-03-24 07:05:03.254326845 [INFO ] portfolio intent intent=hold reason=none reason_codes=none signal_bps=0 risk_score=0.0607203 p_shock=1.3496e-08 p_illiquid=0 healthy_venues=3 enabled_venues=3 current_position=0 target_position=0 position_delta=0 expected_cost_bps=6.7 max_shortfall_bps=9.7 flatten_now=0 urgency=0
[2026-03-24T07:05:03.306Z] [Shadow] model retrain done  ticks=1000  best_fold_loss=0.570085  oos_mse=0.000001  selected=incumbent
[2026-03-24T07:05:06.793Z] [Shadow] continuous retrain completed processed_ticks=32826
[2026-03-24T07:05:08.998Z] [Regime] trained  names=['calm', 'trending', 'illiquid', 'shock']  spread_means=[0.653278, 0.683308, 2.005618, 1.516482]  spread_range=1.35234
[2026-03-24T07:05:08.999Z] [Shadow] regime retrain done  regimes=[calm, trending, illiquid, shock]
[2026-03-24T07:05:09.010Z] [Shadow] ticks=13  mean_effective=75.19bps  mean_raw=0.19bps  std_effective=260.45bps  IC=0.3259  ICIR=0.000  confidence_gate=8  horizon_gate=4  safe_mode_gate=0  ts_quality=ok
[2026-03-24T07:05:09.038Z] [Shadow] continuous retrain started processed_ticks=42178 window_ticks=1000
2026-03-24 07:05:09.266491201 [INFO ] portfolio intent intent=hold reason=illiquid_regime reason_codes=illiquid_regime signal_bps=0 risk_score=0.501208 p_shock=1.14961e-08 p_illiquid=1 healthy_venues=3 enabled_venues=3 current_position=0 target_position=0 position_delta=0 expected_cost_bps=6.7 max_shortfall_bps=9.7 flatten_now=0 urgency=1
2026-03-24 07:05:24.317031267 [INFO ] portfolio intent intent=hold reason=illiquid_regime reason_codes=illiquid_regime signal_bps=0 risk_score=0.501208 p_shock=1.14961e-08 p_illiquid=1 healthy_venues=3 enabled_venues=3 current_position=0 target_position=0 position_delta=0 expected_cost_bps=6.7 max_shortfall_bps=9.7 flatten_now=0 urgency=1
[2026-03-24T07:05:25.522Z] [Shadow] model retrain done  ticks=1000  best_fold_loss=0.603534  oos_mse=0.000000  selected=challenger
[2026-03-24T07:05:29.709Z] [Shadow] continuous retrain completed processed_ticks=42178
[2026-03-24T07:05:31.976Z] [Regime] trained  names=['calm', 'illiquid', 'trending', 'shock']  spread_means=[0.617887, 2.406064, 1.540353, 1.695983]  spread_range=1.788177
[2026-03-24T07:05:31.977Z] [Shadow] regime retrain done  regimes=[calm, illiquid, trending, shock]
[2026-03-24T07:05:32.014Z] [Shadow] continuous retrain started processed_ticks=51074 window_ticks=1000
2026-03-24 07:05:32.330879903 [INFO ] portfolio intent intent=hold reason=none reason_codes=none signal_bps=0 risk_score=0.144567 p_shock=5.98889e-06 p_illiquid=0 healthy_venues=3 enabled_venues=3 current_position=0 target_position=0 position_delta=0 expected_cost_bps=6.7 max_shortfall_bps=7.7 flatten_now=0 urgency=2
2026-03-24 07:05:33.331474898 [INFO ] venue quality exchange=BINANCE fill_probability=0.6556 passive_markout_bps=0 taker_markout_bps=-0.0124442 reject_rate=0 cancel_latency_penalty_bps=0 health_penalty_bps=0 stability_penalty_bps=0.00933315 quality_penalty_bps=1.38693 sample_count=4
2026-03-24 07:05:33.331478398 [INFO ] venue quality exchange=KRAKEN fill_probability=0.5 passive_markout_bps=0 taker_markout_bps=0 reject_rate=0 cancel_latency_penalty_bps=0 health_penalty_bps=0 stability_penalty_bps=0 quality_penalty_bps=2 sample_count=0
2026-03-24 07:05:33.331479398 [INFO ] venue quality exchange=OKX fill_probability=0.5 passive_markout_bps=0 taker_markout_bps=0 reject_rate=0 cancel_latency_penalty_bps=0 health_penalty_bps=0 stability_penalty_bps=0 quality_penalty_bps=2 sample_count=1
[2026-03-24T07:05:47.303Z] [Shadow] model retrain done  ticks=1000  best_fold_loss=0.730741  oos_mse=0.000004  selected=incumbent
2026-03-24 07:05:47.356122720 [INFO ] portfolio intent intent=hold reason=none reason_codes=none signal_bps=0 risk_score=0.144567 p_shock=5.98889e-06 p_illiquid=0 healthy_venues=3 enabled_venues=3 current_position=0 target_position=0 position_delta=0 expected_cost_bps=6.7 max_shortfall_bps=7.7 flatten_now=0 urgency=2
[2026-03-24T07:05:51.814Z] [Shadow] continuous retrain completed processed_ticks=51074
[2026-03-24T07:05:54.005Z] [Regime] trained  names=['calm', 'illiquid', 'trending', 'shock']  spread_means=[3.138491, 1.689021, 0.13077, 0.13077]  spread_range=3.007721
[2026-03-24T07:05:54.006Z] [Shadow] regime retrain done  regimes=[calm, illiquid, trending, shock]
[2026-03-24T07:05:54.044Z] [Shadow] continuous retrain started processed_ticks=60250 window_ticks=1000
2026-03-24 07:05:54.385466348 [INFO ] portfolio intent intent=hold reason=risk_off,illiquid_regime reason_codes=risk_off,illiquid_regime signal_bps=0 risk_score=0.704023 p_shock=0 p_illiquid=1 healthy_venues=3 enabled_venues=3 current_position=0 target_position=0 position_delta=-0 expected_cost_bps=6.7 max_shortfall_bps=9.2 flatten_now=0 urgency=2
2026-03-24 07:06:09.420541347 [INFO ] portfolio intent intent=hold reason=risk_off,illiquid_regime reason_codes=risk_off,illiquid_regime signal_bps=0 risk_score=0.704023 p_shock=0 p_illiquid=1 healthy_venues=3 enabled_venues=3 current_position=0 target_position=0 position_delta=-0 expected_cost_bps=6.7 max_shortfall_bps=9.2 flatten_now=0 urgency=2
[2026-03-24T07:06:10.573Z] [Shadow] model retrain done  ticks=1000  best_fold_loss=0.594781  oos_mse=0.000002  selected=incumbent
[2026-03-24T07:06:14.653Z] [Shadow] continuous retrain completed processed_ticks=60250
[2026-03-24T07:06:15.902Z] [Regime] trained  names=['calm', 'illiquid', 'trending', 'shock']  spread_means=[0.025143, 0.971814, 0.820134, 0.576634]  spread_range=0.946671
[2026-03-24T07:06:15.903Z] [Shadow] regime retrain done  regimes=[calm, illiquid, trending, shock]
[2026-03-24T07:06:15.941Z] [Shadow] continuous retrain started processed_ticks=66745 window_ticks=1000
2026-03-24 07:06:16.438846997 [INFO ] portfolio intent intent=hold reason=none reason_codes=none signal_bps=0 risk_score=0.00842969 p_shock=0.0043311 p_illiquid=0 healthy_venues=3 enabled_venues=3 current_position=0 target_position=0 position_delta=0 expected_cost_bps=6.7 max_shortfall_bps=9.7 flatten_now=0 urgency=0
[2026-03-24T07:06:31.138Z] [Shadow] model retrain done  ticks=1000  best_fold_loss=0.600182  oos_mse=0.000003  selected=incumbent
2026-03-24 07:06:31.489463565 [INFO ] portfolio intent intent=hold reason=none reason_codes=none signal_bps=0 risk_score=0.00842969 p_shock=0.0043311 p_illiquid=0 healthy_venues=3 enabled_venues=3 current_position=0 target_position=0 position_delta=0 expected_cost_bps=6.7 max_shortfall_bps=9.7 flatten_now=0 urgency=0
2026-03-24 07:06:33.491907640 [INFO ] venue quality exchange=BINANCE fill_probability=0.6556 passive_markout_bps=0 taker_markout_bps=-0.0124442 reject_rate=0 cancel_latency_penalty_bps=0 health_penalty_bps=0 stability_penalty_bps=0.00933315 quality_penalty_bps=1.38693 sample_count=4
2026-03-24 07:06:33.491908973 [INFO ] venue quality exchange=KRAKEN fill_probability=0.5 passive_markout_bps=0 taker_markout_bps=0 reject_rate=0 cancel_latency_penalty_bps=0 health_penalty_bps=0 stability_penalty_bps=0 quality_penalty_bps=2 sample_count=0
2026-03-24 07:06:33.491910098 [INFO ] venue quality exchange=OKX fill_probability=0.5 passive_markout_bps=0 taker_markout_bps=0 reject_rate=0 cancel_latency_penalty_bps=0 health_penalty_bps=0 stability_penalty_bps=0 quality_penalty_bps=2 sample_count=1
[2026-03-24T07:06:34.970Z] [Shadow] continuous retrain completed processed_ticks=66745
[2026-03-24T07:06:37.157Z] [Regime] trained  names=['calm', 'trending', 'illiquid', 'shock']  spread_means=[0.179792, 0.196525, 1.524039, 1.438887]  spread_range=1.344247
[2026-03-24T07:06:37.158Z] [Shadow] regime retrain done  regimes=[calm, trending, illiquid, shock]
[2026-03-24T07:06:37.194Z] [Shadow] continuous retrain started processed_ticks=75979 window_ticks=1000
2026-03-24 07:06:37.505147676 [INFO ] portfolio intent intent=hold reason=shock_regime reason_codes=shock_regime signal_bps=0 risk_score=0.00144394 p_shock=1 p_illiquid=1.856e-295 healthy_venues=3 enabled_venues=3 current_position=0 target_position=0 position_delta=-0 expected_cost_bps=6.7 max_shortfall_bps=9.2 flatten_now=0 urgency=2
2026-03-24 07:06:52.542255929 [INFO ] portfolio intent intent=hold reason=shock_regime reason_codes=shock_regime signal_bps=0 risk_score=0.00144394 p_shock=1 p_illiquid=1.856e-295 healthy_venues=3 enabled_venues=3 current_position=0 target_position=0 position_delta=-0 expected_cost_bps=6.7 max_shortfall_bps=9.2 flatten_now=0 urgency=2
[2026-03-24T07:06:53.255Z] [Shadow] model retrain done  ticks=1000  best_fold_loss=0.590022  oos_mse=0.000000  selected=incumbent
[2026-03-24T07:06:57.073Z] [Shadow] continuous retrain completed processed_ticks=75979
[2026-03-24T07:06:59.493Z] [Regime] trained  names=['calm', 'illiquid', 'trending', 'shock']  spread_means=[0.071779, 1.716989, 1.343346, 1.252513]  spread_range=1.64521
[2026-03-24T07:06:59.493Z] [Shadow] regime retrain done  regimes=[calm, illiquid, trending, shock]
[2026-03-24T07:06:59.506Z] [Shadow] ticks=18  mean_effective=54.30bps  mean_raw=0.16bps  std_effective=223.89bps  IC=-0.0943  ICIR=0.000  confidence_gate=13  horizon_gate=4  safe_mode_gate=0  ts_quality=warn
[2026-03-24T07:06:59.534Z] [Shadow] continuous retrain started processed_ticks=85673 window_ticks=1000
2026-03-24 07:06:59.572826392 [INFO ] portfolio intent intent=hold reason=none reason_codes=none signal_bps=0 risk_score=0.00106329 p_shock=0 p_illiquid=0 healthy_venues=3 enabled_venues=3 current_position=0 target_position=0 position_delta=0 expected_cost_bps=6.7 max_shortfall_bps=9.7 flatten_now=0 urgency=0
2026-03-24 07:07:14.621830956 [INFO ] portfolio intent intent=hold reason=none reason_codes=none signal_bps=0 risk_score=0.00106329 p_shock=0 p_illiquid=0 healthy_venues=3 enabled_venues=3 current_position=0 target_position=0 position_delta=0 expected_cost_bps=6.7 max_shortfall_bps=9.7 flatten_now=0 urgency=0
[2026-03-24T07:07:14.905Z] [Shadow] model retrain done  ticks=1000  best_fold_loss=0.400336  oos_mse=0.000001  selected=incumbent
[2026-03-24T07:07:19.145Z] [Shadow] continuous retrain completed processed_ticks=85673
[2026-03-24T07:07:22.877Z] [Regime] trained  names=['calm', 'trending', 'illiquid', 'shock']  spread_means=[4.582535, 0.241845, 1.322153, 0.736038]  spread_range=4.34069
[2026-03-24T07:07:22.877Z] [Shadow] regime retrain done  regimes=[calm, trending, illiquid, shock]
[2026-03-24T07:07:22.915Z] [Shadow] continuous retrain started processed_ticks=94854 window_ticks=1000
2026-03-24 07:07:29.663431134 [INFO ] portfolio intent intent=hold reason=none reason_codes=none signal_bps=0 risk_score=0.0016476 p_shock=4.06196e-07 p_illiquid=8.53792e-06 healthy_venues=3 enabled_venues=3 current_position=0 target_position=0 position_delta=0 expected_cost_bps=6.7 max_shortfall_bps=7.7 flatten_now=0 urgency=2
2026-03-24 07:07:33.673385249 [INFO ] venue quality exchange=BINANCE fill_probability=0.6556 passive_markout_bps=0 taker_markout_bps=-0.0124442 reject_rate=0 cancel_latency_penalty_bps=0 health_penalty_bps=0 stability_penalty_bps=0.00933315 quality_penalty_bps=1.38693 sample_count=4
2026-03-24 07:07:33.673386499 [INFO ] venue quality exchange=KRAKEN fill_probability=0.5 passive_markout_bps=0 taker_markout_bps=0 reject_rate=0 cancel_latency_penalty_bps=0 health_penalty_bps=0 stability_penalty_bps=0 quality_penalty_bps=2 sample_count=0
2026-03-24 07:07:33.673387541 [INFO ] venue quality exchange=OKX fill_probability=0.5 passive_markout_bps=0 taker_markout_bps=0 reject_rate=0 cancel_latency_penalty_bps=0 health_penalty_bps=0 stability_penalty_bps=0 quality_penalty_bps=2 sample_count=1
[2026-03-24T07:07:38.074Z] [Shadow] model retrain done  ticks=1000  best_fold_loss=0.560072  oos_mse=0.000005  selected=incumbent
[2026-03-24T07:07:41.768Z] [Shadow] continuous retrain completed processed_ticks=94854
[2026-03-24T07:07:43.345Z] [Regime] trained  names=['calm', 'illiquid', 'trending', 'shock']  spread_means=[0.040538, 2.570622, 0.536772, 1.06074]  spread_range=2.530084
[2026-03-24T07:07:43.346Z] [Shadow] regime retrain done  regimes=[calm, illiquid, trending, shock]
[2026-03-24T07:07:43.383Z] [Shadow] continuous retrain started processed_ticks=104210 window_ticks=1000
2026-03-24 07:07:43.704922109 [INFO ] portfolio intent intent=hold reason=shock_regime reason_codes=shock_regime signal_bps=0 risk_score=0.0017633 p_shock=1 p_illiquid=0 healthy_venues=3 enabled_venues=3 current_position=0 target_position=0 position_delta=-0 expected_cost_bps=6.7 max_shortfall_bps=9.2 flatten_now=0 urgency=2
2026-03-24 07:07:58.732332804 [INFO ] portfolio intent intent=hold reason=shock_regime reason_codes=shock_regime signal_bps=0 risk_score=0.0017633 p_shock=1 p_illiquid=0 healthy_venues=3 enabled_venues=3 current_position=0 target_position=0 position_delta=-0 expected_cost_bps=6.7 max_shortfall_bps=9.2 flatten_now=0 urgency=2
[2026-03-24T07:07:59.332Z] [Shadow] model retrain done  ticks=1000  best_fold_loss=0.501309  oos_mse=0.000000  selected=incumbent
[2026-03-24T07:08:03.259Z] [Shadow] continuous retrain completed processed_ticks=104210
[2026-03-24T07:08:04.457Z] [Regime] trained  names=['calm', 'trending', 'illiquid', 'shock']  spread_means=[0.030402, 0.376709, 2.547444, 0.857259]  spread_range=2.517042
[2026-03-24T07:08:04.458Z] [Shadow] regime retrain done  regimes=[calm, trending, illiquid, shock]
[2026-03-24T07:08:04.495Z] [Shadow] continuous retrain started processed_ticks=113289 window_ticks=1000
2026-03-24 07:08:13.768359681 [INFO ] portfolio intent intent=hold reason=shock_regime reason_codes=shock_regime signal_bps=0 risk_score=0.00183224 p_shock=0.999912 p_illiquid=1.75095e-94 healthy_venues=3 enabled_venues=3 current_position=0 target_position=0 position_delta=-0 expected_cost_bps=6.7 max_shortfall_bps=9.2 flatten_now=0 urgency=2
[2026-03-24T07:08:19.750Z] [Shadow] model retrain done  ticks=1000  best_fold_loss=0.529613  oos_mse=0.000001  selected=incumbent
[2026-03-24T07:08:23.688Z] [Shadow] continuous retrain completed processed_ticks=113289
[2026-03-24T07:08:26.185Z] [Regime] trained  names=['calm', 'trending', 'illiquid', 'shock']  spread_means=[0.13124, 0.462441, 2.275808, 1.30608]  spread_range=2.144568
[2026-03-24T07:08:26.186Z] [Shadow] regime retrain done  regimes=[calm, trending, illiquid, shock]
[2026-03-24T07:08:26.221Z] [Shadow] continuous retrain started processed_ticks=121626 window_ticks=1000
2026-03-24 07:08:26.792013175 [INFO ] portfolio intent intent=hold reason=none reason_codes=none signal_bps=0 risk_score=0.00322325 p_shock=1.44479e-05 p_illiquid=1.94981e-20 healthy_venues=3 enabled_venues=3 current_position=0 target_position=0 position_delta=0 expected_cost_bps=6.7 max_shortfall_bps=9.7 flatten_now=0 urgency=0
2026-03-24 07:08:33.798803849 [INFO ] venue quality exchange=BINANCE fill_probability=0.6556 passive_markout_bps=0 taker_markout_bps=-0.0124442 reject_rate=0 cancel_latency_penalty_bps=0 health_penalty_bps=0 stability_penalty_bps=0.00933315 quality_penalty_bps=1.38693 sample_count=4
2026-03-24 07:08:33.798805182 [INFO ] venue quality exchange=KRAKEN fill_probability=0.5 passive_markout_bps=0 taker_markout_bps=0 reject_rate=0 cancel_latency_penalty_bps=0 health_penalty_bps=0 stability_penalty_bps=0 quality_penalty_bps=2 sample_count=0
2026-03-24 07:08:33.798806182 [INFO ] venue quality exchange=OKX fill_probability=0.5 passive_markout_bps=0 taker_markout_bps=0 reject_rate=0 cancel_latency_penalty_bps=0 health_penalty_bps=0 stability_penalty_bps=0 quality_penalty_bps=2 sample_count=1
2026-03-24 07:08:41.824228671 [INFO ] portfolio intent intent=hold reason=none reason_codes=none signal_bps=0 risk_score=0.00322325 p_shock=1.44479e-05 p_illiquid=1.94981e-20 healthy_venues=3 enabled_venues=3 current_position=0 target_position=0 position_delta=0 expected_cost_bps=6.7 max_shortfall_bps=9.7 flatten_now=0 urgency=0
[2026-03-24T07:08:42.149Z] [Shadow] model retrain done  ticks=1000  best_fold_loss=0.467580  oos_mse=0.000000  selected=challenger
[2026-03-24T07:08:46.058Z] [Shadow] continuous retrain completed processed_ticks=121626
[2026-03-24T07:08:47.353Z] [Regime] trained  names=['calm', 'trending', 'illiquid', 'shock']  spread_means=[0.411504, 0.850301, 1.252673, 1.393402]  spread_range=0.981898
[2026-03-24T07:08:47.353Z] [Shadow] regime retrain done  regimes=[calm, trending, illiquid, shock]
[2026-03-24T07:08:47.364Z] [Shadow] ticks=23  mean_effective=42.50bps  mean_raw=0.48bps  std_effective=199.33bps  IC=-0.0608  ICIR=0.000  confidence_gate=17  horizon_gate=5  safe_mode_gate=0  ts_quality=warn
[2026-03-24T07:08:47.390Z] [Shadow] continuous retrain started processed_ticks=130723 window_ticks=1000
2026-03-24 07:08:56.846134732 [INFO ] portfolio intent intent=hold reason=none reason_codes=none signal_bps=0 risk_score=0.208806 p_shock=4.13444e-07 p_illiquid=2.04282e-12 healthy_venues=3 enabled_venues=3 current_position=0 target_position=0 position_delta=0 expected_cost_bps=6.7 max_shortfall_bps=7.7 flatten_now=0 urgency=2
[2026-03-24T07:09:05.222Z] [Shadow] model retrain done  ticks=1000  best_fold_loss=0.499680  oos_mse=0.000000  selected=incumbent
[2026-03-24T07:09:09.075Z] [Shadow] continuous retrain completed processed_ticks=130723
[2026-03-24T07:09:11.392Z] [Regime] trained  names=['calm', 'trending', 'illiquid', 'shock']  spread_means=[0.219861, 0.232252, 1.171636, 1.886493]  spread_range=1.666632
[2026-03-24T07:09:11.392Z] [Shadow] regime retrain done  regimes=[calm, trending, illiquid, shock]
[2026-03-24T07:09:11.430Z] [Shadow] continuous retrain started processed_ticks=140545 window_ticks=1000
2026-03-24 07:09:11.887465159 [INFO ] portfolio intent intent=hold reason=illiquid_regime reason_codes=illiquid_regime signal_bps=0 risk_score=0.00295897 p_shock=8.56298e-07 p_illiquid=0.999988 healthy_venues=3 enabled_venues=3 current_position=0 target_position=0 position_delta=0 expected_cost_bps=6.7 max_shortfall_bps=9.7 flatten_now=0 urgency=0
[2026-03-24T07:09:26.209Z] [Shadow] model retrain done  ticks=1000  best_fold_loss=0.788225  oos_mse=0.000001  selected=incumbent
2026-03-24 07:09:26.916837440 [INFO ] portfolio intent intent=hold reason=illiquid_regime reason_codes=illiquid_regime signal_bps=0 risk_score=0.00295897 p_shock=8.56298e-07 p_illiquid=0.999988 healthy_venues=3 enabled_venues=3 current_position=0 target_position=0 position_delta=0 expected_cost_bps=6.7 max_shortfall_bps=9.7 flatten_now=0 urgency=0
[2026-03-24T07:09:29.622Z] [Shadow] continuous retrain completed processed_ticks=140545
[2026-03-24T07:09:32.255Z] [Regime] trained  names=['calm', 'illiquid', 'trending', 'shock']  spread_means=[0.06883, 2.046996, 1.075481, 1.26903]  spread_range=1.978166
[2026-03-24T07:09:32.255Z] [Shadow] regime retrain done  regimes=[calm, illiquid, trending, shock]
[2026-03-24T07:09:32.294Z] [Shadow] continuous retrain started processed_ticks=149758 window_ticks=1000
2026-03-24 07:09:33.939738182 [INFO ] venue quality exchange=BINANCE fill_probability=0.6556 passive_markout_bps=0 taker_markout_bps=-0.0124442 reject_rate=0 cancel_latency_penalty_bps=0 health_penalty_bps=0 stability_penalty_bps=0.00933315 quality_penalty_bps=1.38693 sample_count=4
2026-03-24 07:09:33.939739848 [INFO ] venue quality exchange=KRAKEN fill_probability=0.5 passive_markout_bps=0 taker_markout_bps=0 reject_rate=0 cancel_latency_penalty_bps=0 health_penalty_bps=0 stability_penalty_bps=0 quality_penalty_bps=2 sample_count=0
2026-03-24 07:09:33.939773140 [INFO ] venue quality exchange=OKX fill_probability=0.5 passive_markout_bps=0 taker_markout_bps=0 reject_rate=0 cancel_latency_penalty_bps=0 health_penalty_bps=0 stability_penalty_bps=0 quality_penalty_bps=2 sample_count=1
2026-03-24 07:09:41.964958545 [INFO ] portfolio intent intent=hold reason=illiquid_regime reason_codes=illiquid_regime signal_bps=0 risk_score=0.146612 p_shock=1.64395e-09 p_illiquid=1 healthy_venues=3 enabled_venues=3 current_position=0 target_position=0 position_delta=0 expected_cost_bps=6.7 max_shortfall_bps=7.7 flatten_now=0 urgency=2
[2026-03-24T07:09:48.438Z] [Shadow] model retrain done  ticks=1000  best_fold_loss=0.813228  oos_mse=0.000000  selected=challenger
[2026-03-24T07:09:52.528Z] [Shadow] continuous retrain completed processed_ticks=149758
[2026-03-24T07:09:55.917Z] [Regime] trained  names=['calm', 'trending', 'illiquid', 'shock']  spread_means=[0.068982, 0.068982, 1.303941, 1.080091]  spread_range=1.234959
[2026-03-24T07:09:55.917Z] [Shadow] regime retrain done  regimes=[calm, trending, illiquid, shock]
[2026-03-24T07:09:55.955Z] [Shadow] continuous retrain started processed_ticks=159385 window_ticks=1000
2026-03-24 07:09:56.011964905 [INFO ] portfolio intent intent=hold reason=none reason_codes=none signal_bps=0 risk_score=0.00868419 p_shock=5.81814e-10 p_illiquid=2.91688e-15 healthy_venues=3 enabled_venues=3 current_position=0 target_position=0 position_delta=0 expected_cost_bps=6.7 max_shortfall_bps=9.7 flatten_now=0 urgency=0
2026-03-24 07:10:11.038709308 [INFO ] portfolio intent intent=hold reason=none reason_codes=none signal_bps=0 risk_score=0.00868419 p_shock=5.81814e-10 p_illiquid=2.91688e-15 healthy_venues=3 enabled_venues=3 current_position=0 target_position=0 position_delta=0 expected_cost_bps=6.7 max_shortfall_bps=9.7 flatten_now=0 urgency=0
[2026-03-24T07:10:12.040Z] [Shadow] model retrain done  ticks=1000  best_fold_loss=0.892808  oos_mse=0.000000  selected=incumbent
[2026-03-24T07:10:15.967Z] [Shadow] continuous retrain completed processed_ticks=159385
[2026-03-24T07:10:18.787Z] [Regime] trained  names=['calm', 'illiquid', 'trending', 'shock']  spread_means=[0.288082, 2.477088, 0.34494, 1.167481]  spread_range=2.189006
[2026-03-24T07:10:18.788Z] [Shadow] regime retrain done  regimes=[calm, illiquid, trending, shock]
[2026-03-24T07:10:18.825Z] [Shadow] continuous retrain started processed_ticks=168277 window_ticks=1000
2026-03-24 07:10:26.072620139 [INFO ] portfolio intent intent=hold reason=none reason_codes=none signal_bps=0 risk_score=0.0138888 p_shock=8.09233e-07 p_illiquid=2.56079e-09 healthy_venues=3 enabled_venues=3 current_position=0 target_position=0 position_delta=0 expected_cost_bps=6.7 max_shortfall_bps=9.7 flatten_now=0 urgency=0
2026-03-24 07:10:34.088315070 [INFO ] venue quality exchange=BINANCE fill_probability=0.6556 passive_markout_bps=0 taker_markout_bps=-0.0124442 reject_rate=0 cancel_latency_penalty_bps=0 health_penalty_bps=0 stability_penalty_bps=0.00933315 quality_penalty_bps=1.38693 sample_count=4
2026-03-24 07:10:34.088316570 [INFO ] venue quality exchange=KRAKEN fill_probability=0.5 passive_markout_bps=0 taker_markout_bps=0 reject_rate=0 cancel_latency_penalty_bps=0 health_penalty_bps=0 stability_penalty_bps=0 quality_penalty_bps=2 sample_count=0
2026-03-24 07:10:34.088317695 [INFO ] venue quality exchange=OKX fill_probability=0.5 passive_markout_bps=0 taker_markout_bps=0 reject_rate=0 cancel_latency_penalty_bps=0 health_penalty_bps=0 stability_penalty_bps=0 quality_penalty_bps=2 sample_count=1
[2026-03-24T07:10:35.032Z] [Shadow] model retrain done  ticks=1000  best_fold_loss=0.981556  oos_mse=0.000001  selected=incumbent
[2026-03-24T07:10:39.053Z] [Shadow] continuous retrain completed processed_ticks=168277
[2026-03-24T07:10:40.381Z] [Regime] trained  names=['calm', 'trending', 'illiquid', 'shock']  spread_means=[0.324445, 0.580642, 3.093002, 0.363196]  spread_range=2.768557
[2026-03-24T07:10:40.382Z] [Shadow] regime retrain done  regimes=[calm, trending, illiquid, shock]
[2026-03-24T07:10:40.393Z] [Shadow] ticks=28  mean_effective=34.91bps  mean_raw=0.67bps  std_effective=181.39bps  IC=-0.0113  ICIR=0.000  confidence_gate=22  horizon_gate=5  safe_mode_gate=0  ts_quality=warn
[2026-03-24T07:10:40.416Z] [Shadow] continuous retrain started processed_ticks=176275 window_ticks=1000
2026-03-24 07:10:41.102835089 [INFO ] portfolio intent intent=hold reason=illiquid_regime reason_codes=illiquid_regime signal_bps=0 risk_score=0.516004 p_shock=1.53657e-124 p_illiquid=1 healthy_venues=3 enabled_venues=3 current_position=0 target_position=0 position_delta=0 expected_cost_bps=6.7 max_shortfall_bps=9.7 flatten_now=0 urgency=1
[2026-03-24T07:10:55.720Z] [Shadow] model retrain done  ticks=1000  best_fold_loss=0.317372  oos_mse=0.000001  selected=incumbent
2026-03-24 07:10:56.146398395 [INFO ] portfolio intent intent=hold reason=illiquid_regime reason_codes=illiquid_regime signal_bps=0 risk_score=0.516004 p_shock=1.53657e-124 p_illiquid=1 healthy_venues=3 enabled_venues=3 current_position=0 target_position=0 position_delta=0 expected_cost_bps=6.7 max_shortfall_bps=9.7 flatten_now=0 urgency=1
[2026-03-24T07:10:59.894Z] [Shadow] continuous retrain completed processed_ticks=176275
[2026-03-24T07:11:01.159Z] [Regime] trained  names=['calm', 'illiquid', 'trending', 'shock']  spread_means=[0.073434, 1.58931, 0.356556, 1.074983]  spread_range=1.515876
[2026-03-24T07:11:01.160Z] [Shadow] regime retrain done  regimes=[calm, illiquid, trending, shock]
[2026-03-24T07:11:01.195Z] [Shadow] continuous retrain started processed_ticks=185229 window_ticks=1000
2026-03-24 07:11:11.174076341 [INFO ] portfolio intent intent=hold reason=illiquid_regime reason_codes=illiquid_regime signal_bps=0 risk_score=0.129912 p_shock=2.67796e-05 p_illiquid=0.999973 healthy_venues=3 enabled_venues=3 current_position=0 target_position=0 position_delta=0 expected_cost_bps=6.7 max_shortfall_bps=9.7 flatten_now=0 urgency=0
[2026-03-24T07:11:16.821Z] [Shadow] model retrain done  ticks=1000  best_fold_loss=0.377704  oos_mse=0.000001  selected=incumbent
[2026-03-24T07:11:20.896Z] [Shadow] continuous retrain completed processed_ticks=185229
[2026-03-24T07:11:22.269Z] [Regime] trained  names=['calm', 'trending', 'illiquid', 'shock']  spread_means=[0.067352, 0.067352, 1.403781, 1.415156]  spread_range=1.347804
[2026-03-24T07:11:22.269Z] [Shadow] regime retrain done  regimes=[calm, trending, illiquid, shock]
[2026-03-24T07:11:22.307Z] [Shadow] continuous retrain started processed_ticks=195002 window_ticks=1000
2026-03-24 07:11:23.209244986 [INFO ] portfolio intent intent=hold reason=negative_reversal reason_codes=negative_reversal signal_bps=-64.702 risk_score=0.133744 p_shock=2.01983e-10 p_illiquid=3.70747e-16 healthy_venues=3 enabled_venues=3 current_position=0 target_position=0 position_delta=-0 expected_cost_bps=6.7 max_shortfall_bps=9.2 flatten_now=0 urgency=2
2026-03-24 07:11:34.241314049 [INFO ] venue quality exchange=BINANCE fill_probability=0.6556 passive_markout_bps=0 taker_markout_bps=-0.0124442 reject_rate=0 cancel_latency_penalty_bps=0 health_penalty_bps=0 stability_penalty_bps=0.00933315 quality_penalty_bps=1.38693 sample_count=4
2026-03-24 07:11:34.241315591 [INFO ] venue quality exchange=KRAKEN fill_probability=0.5 passive_markout_bps=0 taker_markout_bps=0 reject_rate=0 cancel_latency_penalty_bps=0 health_penalty_bps=0 stability_penalty_bps=0 quality_penalty_bps=2 sample_count=0
2026-03-24 07:11:34.241316966 [INFO ] venue quality exchange=OKX fill_probability=0.5 passive_markout_bps=0 taker_markout_bps=0 reject_rate=0 cancel_latency_penalty_bps=0 health_penalty_bps=0 stability_penalty_bps=0 quality_penalty_bps=2 sample_count=1
[2026-03-24T07:11:37.868Z] [Shadow] model retrain done  ticks=1000  best_fold_loss=0.563053  oos_mse=0.000000  selected=incumbent
2026-03-24 07:11:38.245269154 [INFO ] portfolio intent intent=hold reason=negative_reversal reason_codes=negative_reversal signal_bps=-64.702 risk_score=0.133744 p_shock=2.01983e-10 p_illiquid=3.70747e-16 healthy_venues=3 enabled_venues=3 current_position=0 target_position=0 position_delta=-0 expected_cost_bps=6.7 max_shortfall_bps=9.2 flatten_now=0 urgency=2
[2026-03-24T07:11:42.302Z] [Shadow] continuous retrain completed processed_ticks=195002
[2026-03-24T07:11:44.919Z] [Regime] trained  names=['calm', 'illiquid', 'trending', 'shock']  spread_means=[0.043804, 2.61223, 1.379151, 0.750495]  spread_range=2.568426
[2026-03-24T07:11:44.919Z] [Shadow] regime retrain done  regimes=[calm, illiquid, trending, shock]
[2026-03-24T07:11:44.980Z] [Shadow] continuous retrain started processed_ticks=204422 window_ticks=1000
2026-03-24 07:11:45.259728339 [INFO ] portfolio intent intent=hold reason=risk_off reason_codes=risk_off signal_bps=0 risk_score=0.738745 p_shock=7.02612e-06 p_illiquid=3.40846e-18 healthy_venues=3 enabled_venues=3 current_position=0 target_position=0 position_delta=-0 expected_cost_bps=6.7 max_shortfall_bps=9.2 flatten_now=0 urgency=2
2026-03-24 07:12:00.305926191 [INFO ] portfolio intent intent=hold reason=risk_off reason_codes=risk_off signal_bps=0 risk_score=0.738745 p_shock=7.02612e-06 p_illiquid=3.40846e-18 healthy_venues=3 enabled_venues=3 current_position=0 target_position=0 position_delta=-0 expected_cost_bps=6.7 max_shortfall_bps=9.2 flatten_now=0 urgency=2
[2026-03-24T07:12:01.225Z] [Shadow] model retrain done  ticks=1000  best_fold_loss=0.877082  oos_mse=0.000000  selected=challenger
[2026-03-24T07:12:05.182Z] [Shadow] continuous retrain completed processed_ticks=204422
[2026-03-24T07:12:07.444Z] [Regime] trained  names=['calm', 'trending', 'illiquid', 'shock']  spread_means=[0.108316, 0.213205, 1.46604, 1.679049]  spread_range=1.570733
[2026-03-24T07:12:07.444Z] [Shadow] regime retrain done  regimes=[calm, trending, illiquid, shock]
[2026-03-24T07:12:07.483Z] [Shadow] continuous retrain started processed_ticks=214278 window_ticks=1000
2026-03-24 07:12:08.320702787 [INFO ] portfolio intent intent=hold reason=none reason_codes=none signal_bps=0 risk_score=0.0131991 p_shock=1.70297e-19 p_illiquid=9.06975e-11 healthy_venues=3 enabled_venues=3 current_position=0 target_position=0 position_delta=0 expected_cost_bps=6.7 max_shortfall_bps=9.7 flatten_now=0 urgency=0
2026-03-24 07:12:23.360814337 [INFO ] portfolio intent intent=hold reason=none reason_codes=none signal_bps=0 risk_score=0.0131991 p_shock=1.70297e-19 p_illiquid=9.06975e-11 healthy_venues=3 enabled_venues=3 current_position=0 target_position=0 position_delta=0 expected_cost_bps=6.7 max_shortfall_bps=9.7 flatten_now=0 urgency=0
[2026-03-24T07:12:23.958Z] [Shadow] model retrain done  ticks=1000  best_fold_loss=0.780030  oos_mse=0.000001  selected=incumbent
[2026-03-24T07:12:28.716Z] [Shadow] continuous retrain completed processed_ticks=214278
[2026-03-24T07:12:31.393Z] [Regime] trained  names=['calm', 'illiquid', 'trending', 'shock']  spread_means=[1.430254, 2.015721, 0.312735, 0.449107]  spread_range=1.702986
[2026-03-24T07:12:31.393Z] [Shadow] regime retrain done  regimes=[calm, illiquid, trending, shock]
[2026-03-24T07:12:31.404Z] [Shadow] ticks=33  mean_effective=27.66bps  mean_raw=2.14bps  std_effective=168.26bps  IC=-0.0782  ICIR=0.000  confidence_gate=26  horizon_gate=5  safe_mode_gate=0  ts_quality=warn
[2026-03-24T07:12:31.429Z] [Shadow] continuous retrain started processed_ticks=222878 window_ticks=1000
2026-03-24 07:12:34.402698125 [INFO ] venue quality exchange=BINANCE fill_probability=0.6556 passive_markout_bps=0 taker_markout_bps=-0.0124442 reject_rate=0 cancel_latency_penalty_bps=0 health_penalty_bps=0 stability_penalty_bps=0.00933315 quality_penalty_bps=1.38693 sample_count=4
2026-03-24 07:12:34.402699500 [INFO ] venue quality exchange=KRAKEN fill_probability=0.5 passive_markout_bps=0 taker_markout_bps=0 reject_rate=0 cancel_latency_penalty_bps=0 health_penalty_bps=0 stability_penalty_bps=0 quality_penalty_bps=2 sample_count=0
2026-03-24 07:12:34.402700625 [INFO ] venue quality exchange=OKX fill_probability=0.5 passive_markout_bps=0 taker_markout_bps=0 reject_rate=0 cancel_latency_penalty_bps=0 health_penalty_bps=0 stability_penalty_bps=0 quality_penalty_bps=2 sample_count=1
2026-03-24 07:12:38.417977416 [INFO ] portfolio intent intent=hold reason=none reason_codes=none signal_bps=0 risk_score=0.0439984 p_shock=4.13912e-15 p_illiquid=7.07247e-05 healthy_venues=3 enabled_venues=3 current_position=0 target_position=0 position_delta=0 expected_cost_bps=6.7 max_shortfall_bps=9.7 flatten_now=0 urgency=0
[2026-03-24T07:12:46.912Z] [Shadow] model retrain done  ticks=1000  best_fold_loss=0.600652  oos_mse=0.000000  selected=challenger
[2026-03-24T07:12:50.855Z] [Shadow] continuous retrain completed processed_ticks=222878
[2026-03-24T07:12:53.219Z] [Regime] trained  names=['calm', 'illiquid', 'trending', 'shock']  spread_means=[0.043639, 1.731169, 1.537988, 0.69296]  spread_range=1.68753
[2026-03-24T07:12:53.220Z] [Shadow] regime retrain done  regimes=[calm, illiquid, trending, shock]
[2026-03-24T07:12:53.256Z] [Shadow] continuous retrain started processed_ticks=231238 window_ticks=1000
2026-03-24 07:12:53.458306633 [INFO ] portfolio intent intent=hold reason=risk_off,illiquid_regime reason_codes=risk_off,illiquid_regime signal_bps=0 risk_score=0.939026 p_shock=0 p_illiquid=0.999958 healthy_venues=3 enabled_venues=3 current_position=0 target_position=0 position_delta=-0 expected_cost_bps=6.7 max_shortfall_bps=9.2 flatten_now=0 urgency=2
2026-03-24 07:13:08.500053560 [INFO ] portfolio intent intent=hold reason=risk_off,illiquid_regime reason_codes=risk_off,illiquid_regime signal_bps=0 risk_score=0.939026 p_shock=0 p_illiquid=0.999958 healthy_venues=3 enabled_venues=3 current_position=0 target_position=0 position_delta=-0 expected_cost_bps=6.7 max_shortfall_bps=9.2 flatten_now=0 urgency=2
[2026-03-24T07:13:08.893Z] [Shadow] model retrain done  ticks=1000  best_fold_loss=0.777762  oos_mse=0.000002  selected=incumbent
[2026-03-24T07:13:13.369Z] [Shadow] continuous retrain completed processed_ticks=231238
[2026-03-24T07:13:14.813Z] [Regime] trained  names=['calm', 'illiquid', 'trending', 'shock']  spread_means=[0.042398, 2.508182, 0.422982, 1.557711]  spread_range=2.465784
[2026-03-24T07:13:14.813Z] [Shadow] regime retrain done  regimes=[calm, illiquid, trending, shock]
[2026-03-24T07:13:14.850Z] [Shadow] continuous retrain started processed_ticks=240887 window_ticks=1000
2026-03-24 07:13:15.521260965 [INFO ] portfolio intent intent=hold reason=risk_off reason_codes=risk_off signal_bps=0 risk_score=0.952248 p_shock=0.000102109 p_illiquid=4.1013e-19 healthy_venues=3 enabled_venues=3 current_position=0 target_position=0 position_delta=-0 expected_cost_bps=6.7 max_shortfall_bps=9.2 flatten_now=0 urgency=2
2026-03-24 07:13:30.573128118 [INFO ] portfolio intent intent=hold reason=risk_off reason_codes=risk_off signal_bps=0 risk_score=0.952248 p_shock=0.000102109 p_illiquid=4.1013e-19 healthy_venues=3 enabled_venues=3 current_position=0 target_position=0 position_delta=-0 expected_cost_bps=6.7 max_shortfall_bps=9.2 flatten_now=0 urgency=2
[2026-03-24T07:13:31.335Z] [Shadow] model retrain done  ticks=1000  best_fold_loss=2.804737  oos_mse=0.000002  selected=incumbent
2026-03-24 07:13:34.580113228 [INFO ] venue quality exchange=BINANCE fill_probability=0.6556 passive_markout_bps=0 taker_markout_bps=-0.0124442 reject_rate=0 cancel_latency_penalty_bps=0 health_penalty_bps=0 stability_penalty_bps=0.00933315 quality_penalty_bps=1.38693 sample_count=4
2026-03-24 07:13:34.580114978 [INFO ] venue quality exchange=KRAKEN fill_probability=0.5 passive_markout_bps=0 taker_markout_bps=0 reject_rate=0 cancel_latency_penalty_bps=0 health_penalty_bps=0 stability_penalty_bps=0 quality_penalty_bps=2 sample_count=0
2026-03-24 07:13:34.580116270 [INFO ] venue quality exchange=OKX fill_probability=0.5 passive_markout_bps=0 taker_markout_bps=0 reject_rate=0 cancel_latency_penalty_bps=0 health_penalty_bps=0 stability_penalty_bps=0 quality_penalty_bps=2 sample_count=1
[2026-03-24T07:13:35.864Z] [Shadow] continuous retrain completed processed_ticks=240887
[2026-03-24T07:13:38.068Z] [Regime] trained  names=['calm', 'trending', 'illiquid', 'shock']  spread_means=[2.253518, 0.340018, 1.983173, 0.886386]  spread_range=1.9135
[2026-03-24T07:13:38.068Z] [Shadow] regime retrain done  regimes=[calm, trending, illiquid, shock]
[2026-03-24T07:13:38.105Z] [Shadow] continuous retrain started processed_ticks=250190 window_ticks=1000
2026-03-24 07:13:38.592720014 [INFO ] portfolio intent intent=hold reason=illiquid_regime reason_codes=illiquid_regime signal_bps=0 risk_score=0.391877 p_shock=3.28078e-20 p_illiquid=0.999974 healthy_venues=3 enabled_venues=3 current_position=0 target_position=0 position_delta=0 expected_cost_bps=6.7 max_shortfall_bps=9.7 flatten_now=0 urgency=1
[2026-03-24T07:13:53.446Z] [Shadow] model retrain done  ticks=1000  best_fold_loss=11.097495  oos_mse=0.000001  selected=challenger
2026-03-24 07:13:53.639696242 [INFO ] portfolio intent intent=hold reason=illiquid_regime reason_codes=illiquid_regime signal_bps=0 risk_score=0.391877 p_shock=3.28078e-20 p_illiquid=0.999974 healthy_venues=3 enabled_venues=3 current_position=0 target_position=0 position_delta=0 expected_cost_bps=6.7 max_shortfall_bps=9.7 flatten_now=0 urgency=1
[2026-03-24T07:13:57.725Z] [Shadow] continuous retrain completed processed_ticks=250190
[2026-03-24T07:13:59.307Z] [Regime] trained  names=['calm', 'trending', 'illiquid', 'shock']  spread_means=[0.223623, 0.109179, 2.571439, 0.866269]  spread_range=2.46226
[2026-03-24T07:13:59.307Z] [Shadow] regime retrain done  regimes=[calm, trending, illiquid, shock]
[2026-03-24T07:13:59.343Z] [Shadow] continuous retrain started processed_ticks=259295 window_ticks=1000
2026-03-24 07:13:59.654035808 [INFO ] portfolio intent intent=hold reason=shock_regime reason_codes=shock_regime signal_bps=0 risk_score=0.0172865 p_shock=0.981382 p_illiquid=0.0186176 healthy_venues=3 enabled_venues=3 current_position=0 target_position=0 position_delta=-0 expected_cost_bps=6.7 max_shortfall_bps=9.2 flatten_now=0 urgency=2
2026-03-24 07:14:14.698446866 [INFO ] portfolio intent intent=hold reason=shock_regime reason_codes=shock_regime signal_bps=0 risk_score=0.0172865 p_shock=0.981382 p_illiquid=0.0186176 healthy_venues=3 enabled_venues=3 current_position=0 target_position=0 position_delta=-0 expected_cost_bps=6.7 max_shortfall_bps=9.2 flatten_now=0 urgency=2
[2026-03-24T07:14:15.699Z] [Shadow] model retrain done  ticks=1000  best_fold_loss=0.630824  oos_mse=0.000001  selected=incumbent
[2026-03-24T07:14:20.008Z] [Shadow] continuous retrain completed processed_ticks=259295
[2026-03-24T07:14:22.601Z] [Regime] trained  names=['calm', 'trending', 'illiquid', 'shock']  spread_means=[0.076552, 0.391135, 1.324393, 2.313926]  spread_range=2.237374
[2026-03-24T07:14:22.601Z] [Shadow] regime retrain done  regimes=[calm, trending, illiquid, shock]
[2026-03-24T07:14:22.613Z] [Shadow] ticks=38  mean_effective=24.02bps  mean_raw=1.50bps  std_effective=157.08bps  IC=-0.1000  ICIR=0.000  confidence_gate=31  horizon_gate=5  safe_mode_gate=0  ts_quality=warn
[2026-03-24T07:14:22.638Z] [Shadow] continuous retrain started processed_ticks=268153 window_ticks=1000
2026-03-24 07:14:22.723481271 [INFO ] portfolio intent intent=hold reason=none reason_codes=none signal_bps=0 risk_score=0.00227293 p_shock=4.6805e-21 p_illiquid=5.51004e-14 healthy_venues=3 enabled_venues=3 current_position=0 target_position=0 position_delta=0 expected_cost_bps=6.7 max_shortfall_bps=7.7 flatten_now=0 urgency=2
2026-03-24 07:14:34.747787481 [INFO ] venue quality exchange=BINANCE fill_probability=0.6556 passive_markout_bps=0 taker_markout_bps=-0.0124442 reject_rate=0 cancel_latency_penalty_bps=0 health_penalty_bps=0 stability_penalty_bps=0.00933315 quality_penalty_bps=1.38693 sample_count=4
2026-03-24 07:14:34.747788856 [INFO ] venue quality exchange=KRAKEN fill_probability=0.5 passive_markout_bps=0 taker_markout_bps=0 reject_rate=0 cancel_latency_penalty_bps=0 health_penalty_bps=0 stability_penalty_bps=0 quality_penalty_bps=2 sample_count=0
2026-03-24 07:14:34.747789939 [INFO ] venue quality exchange=OKX fill_probability=0.5 passive_markout_bps=0 taker_markout_bps=0 reject_rate=0 cancel_latency_penalty_bps=0 health_penalty_bps=0 stability_penalty_bps=0 quality_penalty_bps=2 sample_count=1
2026-03-24 07:14:37.753912721 [INFO ] portfolio intent intent=hold reason=none reason_codes=none signal_bps=0 risk_score=0.00227293 p_shock=4.6805e-21 p_illiquid=5.51004e-14 healthy_venues=3 enabled_venues=3 current_position=0 target_position=0 position_delta=0 expected_cost_bps=6.7 max_shortfall_bps=7.7 flatten_now=0 urgency=2
[2026-03-24T07:14:39.207Z] [Shadow] model retrain done  ticks=1000  best_fold_loss=1.271793  oos_mse=0.000000  selected=challenger
[2026-03-24T07:14:43.069Z] [Shadow] continuous retrain completed processed_ticks=268153
[2026-03-24T07:14:44.271Z] [Regime] trained  names=['calm', 'trending', 'illiquid', 'shock']  spread_means=[0.878823, 1.298725, 2.12425, 1.181686]  spread_range=1.245427
[2026-03-24T07:14:44.272Z] [Shadow] regime retrain done  regimes=[calm, trending, illiquid, shock]
[2026-03-24T07:14:44.309Z] [Shadow] continuous retrain started processed_ticks=277662 window_ticks=1000
2026-03-24 07:14:52.791674851 [INFO ] portfolio intent intent=hold reason=none reason_codes=none signal_bps=0 risk_score=0.161354 p_shock=5.57925e-06 p_illiquid=5.89415e-10 healthy_venues=3 enabled_venues=3 current_position=0 target_position=0 position_delta=0 expected_cost_bps=6.7 max_shortfall_bps=9.7 flatten_now=0 urgency=0
[2026-03-24T07:15:02.205Z] [Shadow] model retrain done  ticks=1000  best_fold_loss=0.956267  oos_mse=0.000000  selected=challenger
[2026-03-24T07:15:06.209Z] [Shadow] continuous retrain completed processed_ticks=277662
[2026-03-24T07:15:07.446Z] [Regime] trained  names=['calm', 'trending', 'illiquid', 'shock']  spread_means=[0.230624, 1.193356, 3.765038, 0.722959]  spread_range=3.534414
[2026-03-24T07:15:07.446Z] [Shadow] regime retrain done  regimes=[calm, trending, illiquid, shock]
[2026-03-24T07:15:07.484Z] [Shadow] continuous retrain started processed_ticks=286721 window_ticks=1000
2026-03-24 07:15:07.838911454 [INFO ] portfolio intent intent=hold reason=risk_off reason_codes=risk_off signal_bps=0 risk_score=0.900823 p_shock=0.00013916 p_illiquid=5.50793e-112 healthy_venues=3 enabled_venues=3 current_position=0 target_position=0 position_delta=-0 expected_cost_bps=6.7 max_shortfall_bps=9.2 flatten_now=0 urgency=2
2026-03-24 07:15:22.869788905 [INFO ] portfolio intent intent=hold reason=risk_off reason_codes=risk_off signal_bps=0 risk_score=0.900823 p_shock=0.00013916 p_illiquid=5.50793e-112 healthy_venues=3 enabled_venues=3 current_position=0 target_position=0 position_delta=-0 expected_cost_bps=6.7 max_shortfall_bps=9.2 flatten_now=0 urgency=2
[2026-03-24T07:15:23.793Z] [Shadow] model retrain done  ticks=1000  best_fold_loss=0.603275  oos_mse=0.000001  selected=challenger
[2026-03-24T07:15:28.120Z] [Shadow] continuous retrain completed processed_ticks=286721
[2026-03-24T07:15:29.460Z] [Regime] trained  names=['calm', 'trending', 'illiquid', 'shock']  spread_means=[0.07046, 0.186836, 1.495501, 1.316273]  spread_range=1.425041
[2026-03-24T07:15:29.461Z] [Shadow] regime retrain done  regimes=[calm, trending, illiquid, shock]
[2026-03-24T07:15:29.500Z] [Shadow] continuous retrain started processed_ticks=296520 window_ticks=1000
2026-03-24 07:15:29.880859252 [INFO ] portfolio intent intent=hold reason=illiquid_regime reason_codes=illiquid_regime signal_bps=0 risk_score=0.0434497 p_shock=3.5303e-05 p_illiquid=0.999964 healthy_venues=3 enabled_venues=3 current_position=0 target_position=0 position_delta=0 expected_cost_bps=6.7 max_shortfall_bps=7.7 flatten_now=0 urgency=2
2026-03-24 07:15:34.901407461 [INFO ] venue quality exchange=BINANCE fill_probability=0.6556 passive_markout_bps=0 taker_markout_bps=-0.0124442 reject_rate=0 cancel_latency_penalty_bps=0 health_penalty_bps=0 stability_penalty_bps=0.00933315 quality_penalty_bps=1.38693 sample_count=4
2026-03-24 07:15:34.901408919 [INFO ] venue quality exchange=KRAKEN fill_probability=0.5 passive_markout_bps=0 taker_markout_bps=0 reject_rate=0 cancel_latency_penalty_bps=0 health_penalty_bps=0 stability_penalty_bps=0 quality_penalty_bps=2 sample_count=0
2026-03-24 07:15:34.901409961 [INFO ] venue quality exchange=OKX fill_probability=0.5 passive_markout_bps=0 taker_markout_bps=0 reject_rate=0 cancel_latency_penalty_bps=0 health_penalty_bps=0 stability_penalty_bps=0 quality_penalty_bps=2 sample_count=1
2026-03-24 07:15:44.923481180 [INFO ] portfolio intent intent=hold reason=illiquid_regime reason_codes=illiquid_regime signal_bps=0 risk_score=0.0434497 p_shock=3.5303e-05 p_illiquid=0.999964 healthy_venues=3 enabled_venues=3 current_position=0 target_position=0 position_delta=0 expected_cost_bps=6.7 max_shortfall_bps=7.7 flatten_now=0 urgency=2
[2026-03-24T07:15:46.170Z] [Shadow] model retrain done  ticks=1000  best_fold_loss=0.861779  oos_mse=0.000001  selected=challenger
[2026-03-24T07:15:50.319Z] [Shadow] continuous retrain completed processed_ticks=296520
[2026-03-24T07:15:52.795Z] [Regime] trained  names=['calm', 'illiquid', 'trending', 'shock']  spread_means=[0.052565, 2.075325, 1.047635, 0.695363]  spread_range=2.02276
[2026-03-24T07:15:52.796Z] [Shadow] regime retrain done  regimes=[calm, illiquid, trending, shock]
[2026-03-24T07:15:52.834Z] [Shadow] continuous retrain started processed_ticks=306191 window_ticks=1000
2026-03-24 07:15:52.946438958 [INFO ] portfolio intent intent=hold reason=none reason_codes=none signal_bps=0 risk_score=0.00303207 p_shock=3.25944e-07 p_illiquid=1.28906e-07 healthy_venues=3 enabled_venues=3 current_position=0 target_position=0 position_delta=0 expected_cost_bps=6.7 max_shortfall_bps=7.7 flatten_now=0 urgency=2
2026-03-24 07:16:07.982491750 [INFO ] portfolio intent intent=hold reason=none reason_codes=none signal_bps=0 risk_score=0.00303207 p_shock=3.25944e-07 p_illiquid=1.28906e-07 healthy_venues=3 enabled_venues=3 current_position=0 target_position=0 position_delta=0 expected_cost_bps=6.7 max_shortfall_bps=7.7 flatten_now=0 urgency=2
[2026-03-24T07:16:10.313Z] [Shadow] model retrain done  ticks=1000  best_fold_loss=0.649787  oos_mse=0.000001  selected=incumbent
[2026-03-24T07:16:14.958Z] [Shadow] continuous retrain completed processed_ticks=306191
[2026-03-24T07:16:17.250Z] [Regime] trained  names=['calm', 'trending', 'illiquid', 'shock']  spread_means=[0.246367, 0.869993, 2.046914, 0.736578]  spread_range=1.800547
[2026-03-24T07:16:17.251Z] [Shadow] regime retrain done  regimes=[calm, trending, illiquid, shock]
[2026-03-24T07:16:17.262Z] [Shadow] ticks=43  mean_effective=21.23bps  mean_raw=1.53bps  std_effective=147.87bps  IC=-0.1246  ICIR=0.410  confidence_gate=35  horizon_gate=6  safe_mode_gate=0  ts_quality=warn
[2026-03-24T07:16:17.287Z] [Shadow] continuous retrain started processed_ticks=314651 window_ticks=1000
2026-03-24 07:16:23.012301742 [INFO ] portfolio intent intent=hold reason=none reason_codes=none signal_bps=0 risk_score=0.00348313 p_shock=0.000714017 p_illiquid=0.0422295 healthy_venues=3 enabled_venues=3 current_position=0 target_position=0 position_delta=0 expected_cost_bps=6.7 max_shortfall_bps=7.7 flatten_now=0 urgency=2
[2026-03-24T07:16:33.567Z] [Shadow] model retrain done  ticks=1000  best_fold_loss=0.806780  oos_mse=0.000001  selected=incumbent
2026-03-24 07:16:35.053750856 [INFO ] venue quality exchange=BINANCE fill_probability=0.6556 passive_markout_bps=0 taker_markout_bps=-0.0124442 reject_rate=0 cancel_latency_penalty_bps=0 health_penalty_bps=0 stability_penalty_bps=0.00933315 quality_penalty_bps=1.38693 sample_count=4
2026-03-24 07:16:35.053752231 [INFO ] venue quality exchange=KRAKEN fill_probability=0.5 passive_markout_bps=0 taker_markout_bps=0 reject_rate=0 cancel_latency_penalty_bps=0 health_penalty_bps=0 stability_penalty_bps=0 quality_penalty_bps=2 sample_count=0
2026-03-24 07:16:35.053753272 [INFO ] venue quality exchange=OKX fill_probability=0.5 passive_markout_bps=0 taker_markout_bps=0 reject_rate=0 cancel_latency_penalty_bps=0 health_penalty_bps=0 stability_penalty_bps=0 quality_penalty_bps=2 sample_count=1
[2026-03-24T07:16:37.678Z] [Shadow] continuous retrain completed processed_ticks=314651
2026-03-24 07:16:38.058331843 [INFO ] portfolio intent intent=hold reason=none reason_codes=none signal_bps=0 risk_score=0.00348313 p_shock=0.000714017 p_illiquid=0.0422295 healthy_venues=3 enabled_venues=3 current_position=0 target_position=0 position_delta=0 expected_cost_bps=6.7 max_shortfall_bps=7.7 flatten_now=0 urgency=2
[2026-03-24T07:16:39.621Z] [Regime] trained  names=['calm', 'trending', 'illiquid', 'shock']  spread_means=[0.079473, 0.079651, 2.894594, 0.917612]  spread_range=2.815121
[2026-03-24T07:16:39.622Z] [Shadow] regime retrain done  regimes=[calm, trending, illiquid, shock]
[2026-03-24T07:16:39.659Z] [Shadow] continuous retrain started processed_ticks=324036 window_ticks=1000
2026-03-24 07:16:40.064487173 [INFO ] portfolio intent intent=hold reason=risk_off,shock_regime reason_codes=risk_off,shock_regime signal_bps=0 risk_score=0.871774 p_shock=1 p_illiquid=3.0112e-68 healthy_venues=3 enabled_venues=3 current_position=0 target_position=0 position_delta=-0 expected_cost_bps=6.7 max_shortfall_bps=9.2 flatten_now=0 urgency=2
2026-03-24 07:16:55.093183704 [INFO ] portfolio intent intent=hold reason=risk_off,shock_regime reason_codes=risk_off,shock_regime signal_bps=0 risk_score=0.871774 p_shock=1 p_illiquid=3.0112e-68 healthy_venues=3 enabled_venues=3 current_position=0 target_position=0 position_delta=-0 expected_cost_bps=6.7 max_shortfall_bps=9.2 flatten_now=0 urgency=2
[2026-03-24T07:16:55.131Z] [Shadow] model retrain done  ticks=1000  best_fold_loss=0.565430  oos_mse=0.000000  selected=challenger
[2026-03-24T07:16:59.277Z] [Shadow] continuous retrain completed processed_ticks=324036
[2026-03-24T07:17:00.747Z] [Regime] trained  names=['calm', 'trending', 'illiquid', 'shock']  spread_means=[0.333498, 1.105704, 2.829001, 0.90093]  spread_range=2.495503
[2026-03-24T07:17:00.747Z] [Shadow] regime retrain done  regimes=[calm, trending, illiquid, shock]
[2026-03-24T07:17:00.785Z] [Shadow] continuous retrain started processed_ticks=333321 window_ticks=1000
2026-03-24 07:17:01.110735943 [INFO ] portfolio intent intent=hold reason=shock_regime reason_codes=shock_regime signal_bps=0 risk_score=0.628812 p_shock=1 p_illiquid=1.34299e-09 healthy_venues=3 enabled_venues=3 current_position=0 target_position=0 position_delta=-0 expected_cost_bps=6.7 max_shortfall_bps=9.2 flatten_now=0 urgency=2
2026-03-24 07:17:16.145793401 [INFO ] portfolio intent intent=hold reason=shock_regime reason_codes=shock_regime signal_bps=0 risk_score=0.628812 p_shock=1 p_illiquid=1.34299e-09 healthy_venues=3 enabled_venues=3 current_position=0 target_position=0 position_delta=-0 expected_cost_bps=6.7 max_shortfall_bps=9.2 flatten_now=0 urgency=2
[2026-03-24T07:17:16.648Z] [Shadow] model retrain done  ticks=1000  best_fold_loss=0.882314  oos_mse=0.000000  selected=challenger
[2026-03-24T07:17:20.775Z] [Shadow] continuous retrain completed processed_ticks=333321
[2026-03-24T07:17:23.112Z] [Regime] trained  names=['calm', 'trending', 'illiquid', 'shock']  spread_means=[0.275131, 0.878156, 1.407128, 4.045766]  spread_range=3.770635
[2026-03-24T07:17:23.113Z] [Shadow] regime retrain done  regimes=[calm, trending, illiquid, shock]
[2026-03-24T07:17:23.150Z] [Shadow] continuous retrain started processed_ticks=342642 window_ticks=1000
2026-03-24 07:17:23.161801381 [INFO ] portfolio intent intent=hold reason=none reason_codes=none signal_bps=0 risk_score=0.019062 p_shock=6.20116e-253 p_illiquid=2.21762e-16 healthy_venues=3 enabled_venues=3 current_position=0 target_position=0 position_delta=0 expected_cost_bps=6.7 max_shortfall_bps=7.7 flatten_now=0 urgency=2
2026-03-24 07:17:35.185119589 [INFO ] venue quality exchange=BINANCE fill_probability=0.6556 passive_markout_bps=0 taker_markout_bps=-0.0124442 reject_rate=0 cancel_latency_penalty_bps=0 health_penalty_bps=0 stability_penalty_bps=0.00933315 quality_penalty_bps=1.38693 sample_count=4
2026-03-24 07:17:35.185121048 [INFO ] venue quality exchange=KRAKEN fill_probability=0.5 passive_markout_bps=0 taker_markout_bps=0 reject_rate=0 cancel_latency_penalty_bps=0 health_penalty_bps=0 stability_penalty_bps=0 quality_penalty_bps=2 sample_count=0
2026-03-24 07:17:35.185122173 [INFO ] venue quality exchange=OKX fill_probability=0.5 passive_markout_bps=0 taker_markout_bps=0 reject_rate=0 cancel_latency_penalty_bps=0 health_penalty_bps=0 stability_penalty_bps=0 quality_penalty_bps=2 sample_count=1
2026-03-24 07:17:38.193127333 [INFO ] portfolio intent intent=hold reason=none reason_codes=none signal_bps=0 risk_score=0.019062 p_shock=6.20116e-253 p_illiquid=2.21762e-16 healthy_venues=3 enabled_venues=3 current_position=0 target_position=0 position_delta=0 expected_cost_bps=6.7 max_shortfall_bps=7.7 flatten_now=0 urgency=2
[2026-03-24T07:17:38.925Z] [Shadow] model retrain done  ticks=1000  best_fold_loss=0.837436  oos_mse=0.000000  selected=incumbent
[2026-03-24T07:17:42.935Z] [Shadow] continuous retrain completed processed_ticks=342642
[2026-03-24T07:17:45.731Z] [Regime] trained  names=['calm', 'trending', 'illiquid', 'shock']  spread_means=[3.569527, 0.088137, 0.979186, 1.069243]  spread_range=3.48139
[2026-03-24T07:17:45.732Z] [Shadow] regime retrain done  regimes=[calm, trending, illiquid, shock]
[2026-03-24T07:17:45.769Z] [Shadow] continuous retrain started processed_ticks=351610 window_ticks=1000
2026-03-24 07:17:46.225115083 [INFO ] portfolio intent intent=hold reason=shock_regime reason_codes=shock_regime signal_bps=0 risk_score=0.317482 p_shock=1 p_illiquid=0 healthy_venues=3 enabled_venues=3 current_position=0 target_position=0 position_delta=-0 expected_cost_bps=6.7 max_shortfall_bps=9.2 flatten_now=0 urgency=2
2026-03-24 07:18:01.282477536 [INFO ] portfolio intent intent=hold reason=shock_regime reason_codes=shock_regime signal_bps=0 risk_score=0.317482 p_shock=1 p_illiquid=0 healthy_venues=3 enabled_venues=3 current_position=0 target_position=0 position_delta=-0 expected_cost_bps=6.7 max_shortfall_bps=9.2 flatten_now=0 urgency=2
[2026-03-24T07:18:02.433Z] [Shadow] model retrain done  ticks=1000  best_fold_loss=0.853036  oos_mse=0.000000  selected=incumbent
[2026-03-24T07:18:06.644Z] [Shadow] continuous retrain completed processed_ticks=351610
[2026-03-24T07:18:08.039Z] [Regime] trained  names=['calm', 'trending', 'illiquid', 'shock']  spread_means=[0.104505, 0.878689, 3.943954, 0.673488]  spread_range=3.839449
[2026-03-24T07:18:08.040Z] [Shadow] regime retrain done  regimes=[calm, trending, illiquid, shock]
[2026-03-24T07:18:08.051Z] [Shadow] ticks=48  mean_effective=19.01bps  mean_raw=2.35bps  std_effective=140.10bps  IC=-0.1257  ICIR=-2.825  confidence_gate=39  horizon_gate=7  safe_mode_gate=0  ts_quality=warn
[2026-03-24T07:18:08.077Z] [Shadow] continuous retrain started processed_ticks=361364 window_ticks=1000
2026-03-24 07:18:08.295587220 [INFO ] portfolio intent intent=hold reason=none reason_codes=none signal_bps=0 risk_score=0.0146763 p_shock=5.88822e-06 p_illiquid=5.52667e-89 healthy_venues=3 enabled_venues=3 current_position=0 target_position=0 position_delta=0 expected_cost_bps=6.7 max_shortfall_bps=7.7 flatten_now=0 urgency=2
2026-03-24 07:18:23.335493186 [INFO ] portfolio intent intent=hold reason=none reason_codes=none signal_bps=0 risk_score=0.0146763 p_shock=5.88822e-06 p_illiquid=5.52667e-89 healthy_venues=3 enabled_venues=3 current_position=0 target_position=0 position_delta=0 expected_cost_bps=6.7 max_shortfall_bps=7.7 flatten_now=0 urgency=2
[2026-03-24T07:18:23.613Z] [Shadow] model retrain done  ticks=1000  best_fold_loss=0.628541  oos_mse=0.000000  selected=challenger
[2026-03-24T07:18:27.223Z] [Shadow] continuous retrain completed processed_ticks=361364
[2026-03-24T07:18:29.527Z] [Regime] trained  names=['calm', 'illiquid', 'trending', 'shock']  spread_means=[0.078214, 3.374287, 1.271348, 1.021106]  spread_range=3.296073
[2026-03-24T07:18:29.528Z] [Shadow] regime retrain done  regimes=[calm, illiquid, trending, shock]
[2026-03-24T07:18:29.566Z] [Shadow] continuous retrain started processed_ticks=371035 window_ticks=1000
2026-03-24 07:18:30.352033708 [INFO ] portfolio intent intent=enter_long reason=alpha_positive reason_codes=alpha_positive signal_bps=440.034 risk_score=0.0104657 p_shock=2.90538e-10 p_illiquid=0 healthy_venues=3 enabled_venues=3 current_position=0 target_position=0.783343 position_delta=0.783343 expected_cost_bps=6.7 max_shortfall_bps=7.7 flatten_now=0 urgency=2
2026-03-24 07:18:30.353426586 [INFO ] shadow state transition from=FLAT to=ENTERING reason=alpha_positive current_pos=0 target_pos=0.783343
2026-03-24 07:18:30.353628336 [INFO ] order submitted intent=enter_long reason=alpha_positive reason_codes=alpha_positive child=0 style=ioc venue=BINANCE side=BID qty=0.783343 route_qty=0.783343 limit_px=2159.61 result=0 target_position=0.783343 current_position=0 urgency=2 expected_cost_bps=6.7 expected_edge_bps=433.334 max_shortfall_bps=7.7 expected_shortfall_bps=9.95964
2026-03-24 07:18:31.359143463 [ERROR] [KillSwitch] Kill switch triggered reason=CIRCUIT_BREAKER
2026-03-24 07:18:31.359144380 [ERROR] Global risk breach check=CROSS_VENUE_NETTING_CAP symbol=ETHUSDT exchange=OKX signed_notional=1691.93
2026-03-24 07:18:31.359144588 [WARN ] global-risk blocked submit venue=OKX
2026-03-24 07:18:32.359165748 [INFO ] [Binance] Stopping feed handler symbol=ETHUSDT
2026-03-24 07:18:32.362691671 [INFO ] [Kraken] Stopping feed handler symbol=ETHUSDT
2026-03-24 07:18:32.363552005 [INFO ] [OKX] Stopping feed handler symbol=ETHUSDT
2026-03-24 07:18:32.365905384 [INFO ] Shadow session summary realized_pnl_usd=0 unrealized_pnl_usd=0.463789 fees_paid_usd=0.682431 total_pnl_usd=-0.218642 total_pnl_pct=-0.00640773 net_cashflow_usd=0.0118745 gross_notional_usd=3412.15 net_position=0 total_fills=2 opened_positions=2 state=ENTERING bin_opened=1 kra_opened=0 okx_opened=1 cb_opened=0 bin_active=0 kra_active=0 okx_active=0 cb_active=0
2026-03-24 07:18:32.365905718 [INFO ] trading_engine shutdown complete
[2026-03-24T07:18:32Z] [shadow] [INFO] Completed shadow run window
[2026-03-24T07:18:32Z] [shadow] [INFO] Final shadow session statistics from /Users/clementandredupuy/Desktop/ThamesRiverTrading/logs/neural_alpha_shadow.jsonl
============================================================
  Shadow Session Report
============================================================

── Signal statistics ────────────────────────────────────────
  Signals generated   : 1931
  Session duration    : 14.5 min
  Mean signal         : 2.3956 bps
  Signal std          : 50.8166 bps
  Max |signal|        : 977.4208 bps
  Mean raw signal     : 2.1238 bps
  Raw signal std      : 19.3195 bps
  Avg risk score      : 0.1470

── Alpha quality ────────────────────────────────────────────
  Realised IC         : -0.0121
  ICIR (annualised)   : -15.1427
  Safe-mode events    : 962  (49.8% of ticks)
  Gated events        : 1708  (88.5% of ticks)

── Regime distribution (session avg) ────────────────────────
  p_calm              : 0.017
  p_trending          : 0.046
  p_shock             : 0.025
  p_illiquid          : 0.912

── Readiness check ──────────────────────────────────────────
  Run >= 2 weeks before promoting to live.
  IC should be consistently positive (> 0.02).
  Safe-mode rate should remain below 10%.
  ICIR (annualised) target: > 0.5.

============================================================
(.venv) clementandredupuy@Mac ThamesRiverTrading % [2026-03-24T07:18:45.409Z] [Shadow] model retrain done  ticks=1000  best_fold_loss=0.880482  oos_mse=0.000001  selected=incumbent
[2026-03-24T07:18:49.212Z] [Shadow] continuous retrain completed processed_ticks=371035